[INFO  - 2017-06-19T13:25:53.155Z] GhostDriver - Main - running on port 50239
[INFO  - 2017-06-19T13:25:54.289Z] Session [d22999d0-54f2-11e7-97b4-25c55fe5af39] - page.settings - {"XSSAuditingEnabled":false,"javascriptCanCloseWindows":true,"javascriptCanOpenWindows":true,"javascriptEnabled":true,"loadImages":true,"localToRemoteUrlAccessEnabled":false,"userAgent":"Mozilla/5.0 (Windows NT 6.2; WOW64) AppleWebKit/538.1 (KHTML, like Gecko) PhantomJS/2.1.1 Safari/538.1","webSecurityEnabled":true}
[INFO  - 2017-06-19T13:25:54.289Z] Session [d22999d0-54f2-11e7-97b4-25c55fe5af39] - page.customHeaders:  - {}
[INFO  - 2017-06-19T13:25:54.289Z] Session [d22999d0-54f2-11e7-97b4-25c55fe5af39] - Session.negotiatedCapabilities - {"browserName":"phantomjs","version":"2.1.1","driverName":"ghostdriver","driverVersion":"1.2.0","platform":"windows-10-32bit","javascriptEnabled":true,"takesScreenshot":true,"handlesAlerts":false,"databaseEnabled":false,"locationContextEnabled":false,"applicationCacheEnabled":false,"browserConnectionEnabled":false,"cssSelectorsEnabled":true,"webStorageEnabled":false,"rotatable":false,"acceptSslCerts":false,"nativeEvents":true,"proxy":{"proxyType":"direct"}}
[INFO  - 2017-06-19T13:25:54.289Z] SessionManagerReqHand - _postNewSessionCommand - New Session Created: d22999d0-54f2-11e7-97b4-25c55fe5af39
[ERROR - 2017-06-19T13:25:57.312Z] Session [d22999d0-54f2-11e7-97b4-25c55fe5af39] - page.onError - msg: Warning: It looks like you're using a minified copy of the development build of React. When deploying React apps to production, make sure to use the production build which skips development warnings and is faster. See https://fb.me/react-minification for more details.

  phantomjs://platform/console++.js:263 in error
[ERROR - 2017-06-19T13:25:57.313Z] Session [d22999d0-54f2-11e7-97b4-25c55fe5af39] - page.onError - stack:
  e (https://static.glassdoor.com/static/js/gd-emp-photos-lightbox.js:1)

  phantomjs://platform/console++.js:263 in error
[ERROR - 2017-06-19T13:25:57.334Z] Session [d22999d0-54f2-11e7-97b4-25c55fe5af39] - page.onError - msg: Warning: It looks like you're using a minified copy of the development build of React. When deploying React apps to production, make sure to use the production build which skips development warnings and is faster. See https://fb.me/react-minification for more details.

  phantomjs://platform/console++.js:263 in error
[ERROR - 2017-06-19T13:25:57.335Z] Session [d22999d0-54f2-11e7-97b4-25c55fe5af39] - page.onError - stack:
  e (https://static.glassdoor.com/static/js/gd-emp-photos-lightbox.js:1)

  phantomjs://platform/console++.js:263 in error
[ERROR - 2017-06-19T13:26:26.944Z] Session [d22999d0-54f2-11e7-97b4-25c55fe5af39] - page.onError - msg: Facebook Pixel Error: Duplicate Pixel ID: 1499075380345177

  phantomjs://platform/console++.js:263 in error
[ERROR - 2017-06-19T13:26:26.945Z] Session [d22999d0-54f2-11e7-97b4-25c55fe5af39] - page.onError - stack:
  kc (https://connect.facebook.net/en_US/fbevents.js:24)

  phantomjs://platform/console++.js:263 in error
[ERROR - 2017-06-19T13:26:27.409Z] Session [d22999d0-54f2-11e7-97b4-25c55fe5af39] - page.onError - msg: Warning: It looks like you're using a minified copy of the development build of React. When deploying React apps to production, make sure to use the production build which skips development warnings and is faster. See https://fb.me/react-minification for more details.

  phantomjs://platform/console++.js:263 in error
[ERROR - 2017-06-19T13:26:27.409Z] Session [d22999d0-54f2-11e7-97b4-25c55fe5af39] - page.onError - stack:
  e (https://static.glassdoor.com/static/js/gd-emp-photos-lightbox.js:1)

  phantomjs://platform/console++.js:263 in error
[ERROR - 2017-06-19T13:26:27.438Z] Session [d22999d0-54f2-11e7-97b4-25c55fe5af39] - page.onError - msg: Warning: It looks like you're using a minified copy of the development build of React. When deploying React apps to production, make sure to use the production build which skips development warnings and is faster. See https://fb.me/react-minification for more details.

  phantomjs://platform/console++.js:263 in error
[ERROR - 2017-06-19T13:26:27.438Z] Session [d22999d0-54f2-11e7-97b4-25c55fe5af39] - page.onError - stack:
  e (https://static.glassdoor.com/static/js/gd-emp-photos-lightbox.js:1)

  phantomjs://platform/console++.js:263 in error
[ERROR - 2017-06-19T13:26:32.005Z] Session [d22999d0-54f2-11e7-97b4-25c55fe5af39] - page.onError - msg: Warning: It looks like you're using a minified copy of the development build of React. When deploying React apps to production, make sure to use the production build which skips development warnings and is faster. See https://fb.me/react-minification for more details.

  phantomjs://platform/console++.js:263 in error
[ERROR - 2017-06-19T13:26:32.005Z] Session [d22999d0-54f2-11e7-97b4-25c55fe5af39] - page.onError - stack:
  e (https://static.glassdoor.com/static/js/gd-emp-photos-lightbox.js:1)

  phantomjs://platform/console++.js:263 in error
[ERROR - 2017-06-19T13:26:32.054Z] Session [d22999d0-54f2-11e7-97b4-25c55fe5af39] - page.onError - msg: Warning: It looks like you're using a minified copy of the development build of React. When deploying React apps to production, make sure to use the production build which skips development warnings and is faster. See https://fb.me/react-minification for more details.

  phantomjs://platform/console++.js:263 in error
[ERROR - 2017-06-19T13:26:32.055Z] Session [d22999d0-54f2-11e7-97b4-25c55fe5af39] - page.onError - stack:
  e (https://static.glassdoor.com/static/js/gd-emp-photos-lightbox.js:1)

  phantomjs://platform/console++.js:263 in error
[ERROR - 2017-06-19T13:26:51.965Z] Session [d22999d0-54f2-11e7-97b4-25c55fe5af39] - page.onError - msg: Warning: It looks like you're using a minified copy of the development build of React. When deploying React apps to production, make sure to use the production build which skips development warnings and is faster. See https://fb.me/react-minification for more details.

  phantomjs://platform/console++.js:263 in error
[ERROR - 2017-06-19T13:26:51.965Z] Session [d22999d0-54f2-11e7-97b4-25c55fe5af39] - page.onError - stack:
  e (https://static.glassdoor.com/static/js/gd-emp-photos-lightbox.js:1)

  phantomjs://platform/console++.js:263 in error
[ERROR - 2017-06-19T13:26:51.999Z] Session [d22999d0-54f2-11e7-97b4-25c55fe5af39] - page.onError - msg: Warning: It looks like you're using a minified copy of the development build of React. When deploying React apps to production, make sure to use the production build which skips development warnings and is faster. See https://fb.me/react-minification for more details.

  phantomjs://platform/console++.js:263 in error
[ERROR - 2017-06-19T13:26:51.999Z] Session [d22999d0-54f2-11e7-97b4-25c55fe5af39] - page.onError - stack:
  e (https://static.glassdoor.com/static/js/gd-emp-photos-lightbox.js:1)

  phantomjs://platform/console++.js:263 in error
[ERROR - 2017-06-19T13:27:32.428Z] Session [d22999d0-54f2-11e7-97b4-25c55fe5af39] - page.onError - msg: Warning: It looks like you're using a minified copy of the development build of React. When deploying React apps to production, make sure to use the production build which skips development warnings and is faster. See https://fb.me/react-minification for more details.

  phantomjs://platform/console++.js:263 in error
[ERROR - 2017-06-19T13:27:32.428Z] Session [d22999d0-54f2-11e7-97b4-25c55fe5af39] - page.onError - stack:
  e (https://static.glassdoor.com/static/js/gd-emp-photos-lightbox.js:1)

  phantomjs://platform/console++.js:263 in error
[ERROR - 2017-06-19T13:27:41.472Z] Session [d22999d0-54f2-11e7-97b4-25c55fe5af39] - page.onError - msg: Warning: It looks like you're using a minified copy of the development build of React. When deploying React apps to production, make sure to use the production build which skips development warnings and is faster. See https://fb.me/react-minification for more details.

  phantomjs://platform/console++.js:263 in error
[ERROR - 2017-06-19T13:27:41.473Z] Session [d22999d0-54f2-11e7-97b4-25c55fe5af39] - page.onError - stack:
  e (https://static.glassdoor.com/static/js/gd-emp-photos-lightbox.js:1)

  phantomjs://platform/console++.js:263 in error
[ERROR - 2017-06-19T13:27:59.785Z] Session [d22999d0-54f2-11e7-97b4-25c55fe5af39] - page.onError - msg: Warning: It looks like you're using a minified copy of the development build of React. When deploying React apps to production, make sure to use the production build which skips development warnings and is faster. See https://fb.me/react-minification for more details.

  phantomjs://platform/console++.js:263 in error
[ERROR - 2017-06-19T13:27:59.786Z] Session [d22999d0-54f2-11e7-97b4-25c55fe5af39] - page.onError - stack:
  e (https://static.glassdoor.com/static/js/gd-emp-photos-lightbox.js:1)

  phantomjs://platform/console++.js:263 in error
[ERROR - 2017-06-19T13:28:05.346Z] Session [d22999d0-54f2-11e7-97b4-25c55fe5af39] - page.onError - msg: Facebook Pixel Error: Duplicate Pixel ID: 1499075380345177

  phantomjs://platform/console++.js:263 in error
[ERROR - 2017-06-19T13:28:05.346Z] Session [d22999d0-54f2-11e7-97b4-25c55fe5af39] - page.onError - stack:
  kc (https://connect.facebook.net/en_US/fbevents.js:25)

  phantomjs://platform/console++.js:263 in error
[ERROR - 2017-06-19T13:28:11.555Z] Session [d22999d0-54f2-11e7-97b4-25c55fe5af39] - page.onError - msg: Warning: It looks like you're using a minified copy of the development build of React. When deploying React apps to production, make sure to use the production build which skips development warnings and is faster. See https://fb.me/react-minification for more details.

  phantomjs://platform/console++.js:263 in error
[ERROR - 2017-06-19T13:28:11.555Z] Session [d22999d0-54f2-11e7-97b4-25c55fe5af39] - page.onError - stack:
  e (https://static.glassdoor.com/static/js/gd-emp-photos-lightbox.js:1)

  phantomjs://platform/console++.js:263 in error
[ERROR - 2017-06-19T13:28:11.606Z] Session [d22999d0-54f2-11e7-97b4-25c55fe5af39] - page.onError - msg: Warning: It looks like you're using a minified copy of the development build of React. When deploying React apps to production, make sure to use the production build which skips development warnings and is faster. See https://fb.me/react-minification for more details.

  phantomjs://platform/console++.js:263 in error
[ERROR - 2017-06-19T13:28:11.606Z] Session [d22999d0-54f2-11e7-97b4-25c55fe5af39] - page.onError - stack:
  e (https://static.glassdoor.com/static/js/gd-emp-photos-lightbox.js:1)

  phantomjs://platform/console++.js:263 in error
[ERROR - 2017-06-19T13:28:26.442Z] Session [d22999d0-54f2-11e7-97b4-25c55fe5af39] - page.onError - msg: Warning: It looks like you're using a minified copy of the development build of React. When deploying React apps to production, make sure to use the production build which skips development warnings and is faster. See https://fb.me/react-minification for more details.

  phantomjs://platform/console++.js:263 in error
[ERROR - 2017-06-19T13:28:26.442Z] Session [d22999d0-54f2-11e7-97b4-25c55fe5af39] - page.onError - stack:
  e (https://static.glassdoor.com/static/js/gd-emp-photos-lightbox.js:1)

  phantomjs://platform/console++.js:263 in error
[ERROR - 2017-06-19T13:28:26.487Z] Session [d22999d0-54f2-11e7-97b4-25c55fe5af39] - page.onError - msg: Warning: It looks like you're using a minified copy of the development build of React. When deploying React apps to production, make sure to use the production build which skips development warnings and is faster. See https://fb.me/react-minification for more details.

  phantomjs://platform/console++.js:263 in error
[ERROR - 2017-06-19T13:28:26.487Z] Session [d22999d0-54f2-11e7-97b4-25c55fe5af39] - page.onError - stack:
  e (https://static.glassdoor.com/static/js/gd-emp-photos-lightbox.js:1)

  phantomjs://platform/console++.js:263 in error
[ERROR - 2017-06-19T13:29:06.191Z] Session [d22999d0-54f2-11e7-97b4-25c55fe5af39] - page.onError - msg: Warning: It looks like you're using a minified copy of the development build of React. When deploying React apps to production, make sure to use the production build which skips development warnings and is faster. See https://fb.me/react-minification for more details.

  phantomjs://platform/console++.js:263 in error
[ERROR - 2017-06-19T13:29:06.191Z] Session [d22999d0-54f2-11e7-97b4-25c55fe5af39] - page.onError - stack:
  e (https://static.glassdoor.com/static/js/gd-emp-photos-lightbox.js:1)

  phantomjs://platform/console++.js:263 in error
[ERROR - 2017-06-19T13:29:06.227Z] Session [d22999d0-54f2-11e7-97b4-25c55fe5af39] - page.onError - msg: Warning: It looks like you're using a minified copy of the development build of React. When deploying React apps to production, make sure to use the production build which skips development warnings and is faster. See https://fb.me/react-minification for more details.

  phantomjs://platform/console++.js:263 in error
[ERROR - 2017-06-19T13:29:06.227Z] Session [d22999d0-54f2-11e7-97b4-25c55fe5af39] - page.onError - stack:
  e (https://static.glassdoor.com/static/js/gd-emp-photos-lightbox.js:1)

  phantomjs://platform/console++.js:263 in error
[ERROR - 2017-06-19T13:29:46.702Z] Session [d22999d0-54f2-11e7-97b4-25c55fe5af39] - page.onError - msg: Facebook Pixel Error: Duplicate Pixel ID: 1499075380345177

  phantomjs://platform/console++.js:263 in error
[ERROR - 2017-06-19T13:29:46.702Z] Session [d22999d0-54f2-11e7-97b4-25c55fe5af39] - page.onError - stack:
  kc (https://connect.facebook.net/en_US/fbevents.js:25)

  phantomjs://platform/console++.js:263 in error
[ERROR - 2017-06-19T13:29:47.156Z] Session [d22999d0-54f2-11e7-97b4-25c55fe5af39] - page.onError - msg: Warning: It looks like you're using a minified copy of the development build of React. When deploying React apps to production, make sure to use the production build which skips development warnings and is faster. See https://fb.me/react-minification for more details.

  phantomjs://platform/console++.js:263 in error
[ERROR - 2017-06-19T13:29:47.157Z] Session [d22999d0-54f2-11e7-97b4-25c55fe5af39] - page.onError - stack:
  e (https://static.glassdoor.com/static/js/gd-emp-photos-lightbox.js:1)

  phantomjs://platform/console++.js:263 in error
[ERROR - 2017-06-19T13:29:47.198Z] Session [d22999d0-54f2-11e7-97b4-25c55fe5af39] - page.onError - msg: Warning: It looks like you're using a minified copy of the development build of React. When deploying React apps to production, make sure to use the production build which skips development warnings and is faster. See https://fb.me/react-minification for more details.

  phantomjs://platform/console++.js:263 in error
[ERROR - 2017-06-19T13:29:47.198Z] Session [d22999d0-54f2-11e7-97b4-25c55fe5af39] - page.onError - stack:
  e (https://static.glassdoor.com/static/js/gd-emp-photos-lightbox.js:1)

  phantomjs://platform/console++.js:263 in error
[ERROR - 2017-06-19T13:30:04.551Z] Session [d22999d0-54f2-11e7-97b4-25c55fe5af39] - page.onError - msg: Warning: It looks like you're using a minified copy of the development build of React. When deploying React apps to production, make sure to use the production build which skips development warnings and is faster. See https://fb.me/react-minification for more details.

  phantomjs://platform/console++.js:263 in error
[ERROR - 2017-06-19T13:30:04.551Z] Session [d22999d0-54f2-11e7-97b4-25c55fe5af39] - page.onError - stack:
  e (https://static.glassdoor.com/static/js/gd-emp-photos-lightbox.js:1)

  phantomjs://platform/console++.js:263 in error
[ERROR - 2017-06-19T13:30:04.619Z] Session [d22999d0-54f2-11e7-97b4-25c55fe5af39] - page.onError - msg: Warning: It looks like you're using a minified copy of the development build of React. When deploying React apps to production, make sure to use the production build which skips development warnings and is faster. See https://fb.me/react-minification for more details.

  phantomjs://platform/console++.js:263 in error
[ERROR - 2017-06-19T13:30:04.619Z] Session [d22999d0-54f2-11e7-97b4-25c55fe5af39] - page.onError - stack:
  e (https://static.glassdoor.com/static/js/gd-emp-photos-lightbox.js:1)

  phantomjs://platform/console++.js:263 in error
[ERROR - 2017-06-19T13:30:06.933Z] Session [d22999d0-54f2-11e7-97b4-25c55fe5af39] - page.onError - msg: Warning: It looks like you're using a minified copy of the development build of React. When deploying React apps to production, make sure to use the production build which skips development warnings and is faster. See https://fb.me/react-minification for more details.

  phantomjs://platform/console++.js:263 in error
[ERROR - 2017-06-19T13:30:06.933Z] Session [d22999d0-54f2-11e7-97b4-25c55fe5af39] - page.onError - stack:
  e (https://static.glassdoor.com/static/js/gd-emp-photos-lightbox.js:1)

  phantomjs://platform/console++.js:263 in error
[ERROR - 2017-06-19T13:30:06.988Z] Session [d22999d0-54f2-11e7-97b4-25c55fe5af39] - page.onError - msg: Warning: It looks like you're using a minified copy of the development build of React. When deploying React apps to production, make sure to use the production build which skips development warnings and is faster. See https://fb.me/react-minification for more details.

  phantomjs://platform/console++.js:263 in error
[ERROR - 2017-06-19T13:30:06.988Z] Session [d22999d0-54f2-11e7-97b4-25c55fe5af39] - page.onError - stack:
  e (https://static.glassdoor.com/static/js/gd-emp-photos-lightbox.js:1)

  phantomjs://platform/console++.js:263 in error
[ERROR - 2017-06-19T13:30:38.061Z] Session [d22999d0-54f2-11e7-97b4-25c55fe5af39] - page.onError - msg: Facebook Pixel Error: Duplicate Pixel ID: 1499075380345177

  phantomjs://platform/console++.js:263 in error
[ERROR - 2017-06-19T13:30:38.061Z] Session [d22999d0-54f2-11e7-97b4-25c55fe5af39] - page.onError - stack:
  kc (https://connect.facebook.net/en_US/fbevents.js:25)

  phantomjs://platform/console++.js:263 in error
[ERROR - 2017-06-19T13:30:38.640Z] Session [d22999d0-54f2-11e7-97b4-25c55fe5af39] - page.onError - msg: Warning: It looks like you're using a minified copy of the development build of React. When deploying React apps to production, make sure to use the production build which skips development warnings and is faster. See https://fb.me/react-minification for more details.

  phantomjs://platform/console++.js:263 in error
[ERROR - 2017-06-19T13:30:38.640Z] Session [d22999d0-54f2-11e7-97b4-25c55fe5af39] - page.onError - stack:
  e (https://static.glassdoor.com/static/js/gd-emp-photos-lightbox.js:1)

  phantomjs://platform/console++.js:263 in error
[ERROR - 2017-06-19T13:30:38.685Z] Session [d22999d0-54f2-11e7-97b4-25c55fe5af39] - page.onError - msg: Warning: It looks like you're using a minified copy of the development build of React. When deploying React apps to production, make sure to use the production build which skips development warnings and is faster. See https://fb.me/react-minification for more details.

  phantomjs://platform/console++.js:263 in error
[ERROR - 2017-06-19T13:30:38.685Z] Session [d22999d0-54f2-11e7-97b4-25c55fe5af39] - page.onError - stack:
  e (https://static.glassdoor.com/static/js/gd-emp-photos-lightbox.js:1)

  phantomjs://platform/console++.js:263 in error
[INFO  - 2017-06-19T13:30:54.192Z] SessionManagerReqHand - _cleanupWindowlessSessions - Asynchronous Sessions clean-up phase starting NOW
[ERROR - 2017-06-19T13:31:11.087Z] Session [d22999d0-54f2-11e7-97b4-25c55fe5af39] - page.onError - msg: Facebook Pixel Error: Duplicate Pixel ID: 1499075380345177

  phantomjs://platform/console++.js:263 in error
[ERROR - 2017-06-19T13:31:11.087Z] Session [d22999d0-54f2-11e7-97b4-25c55fe5af39] - page.onError - stack:
  kc (https://connect.facebook.net/en_US/fbevents.js:25)

  phantomjs://platform/console++.js:263 in error
[ERROR - 2017-06-19T13:31:11.541Z] Session [d22999d0-54f2-11e7-97b4-25c55fe5af39] - page.onError - msg: Warning: It looks like you're using a minified copy of the development build of React. When deploying React apps to production, make sure to use the production build which skips development warnings and is faster. See https://fb.me/react-minification for more details.

  phantomjs://platform/console++.js:263 in error
[ERROR - 2017-06-19T13:31:11.541Z] Session [d22999d0-54f2-11e7-97b4-25c55fe5af39] - page.onError - stack:
  e (https://static.glassdoor.com/static/js/gd-emp-photos-lightbox.js:1)

  phantomjs://platform/console++.js:263 in error
[ERROR - 2017-06-19T13:31:11.583Z] Session [d22999d0-54f2-11e7-97b4-25c55fe5af39] - page.onError - msg: Warning: It looks like you're using a minified copy of the development build of React. When deploying React apps to production, make sure to use the production build which skips development warnings and is faster. See https://fb.me/react-minification for more details.

  phantomjs://platform/console++.js:263 in error
[ERROR - 2017-06-19T13:31:11.584Z] Session [d22999d0-54f2-11e7-97b4-25c55fe5af39] - page.onError - stack:
  e (https://static.glassdoor.com/static/js/gd-emp-photos-lightbox.js:1)

  phantomjs://platform/console++.js:263 in error
[ERROR - 2017-06-19T13:31:30.178Z] Session [d22999d0-54f2-11e7-97b4-25c55fe5af39] - page.onError - msg: Facebook Pixel Error: Duplicate Pixel ID: 1499075380345177

  phantomjs://platform/console++.js:263 in error
[ERROR - 2017-06-19T13:31:30.178Z] Session [d22999d0-54f2-11e7-97b4-25c55fe5af39] - page.onError - stack:
  kc (https://connect.facebook.net/en_US/fbevents.js:25)

  phantomjs://platform/console++.js:263 in error
[ERROR - 2017-06-19T13:31:30.661Z] Session [d22999d0-54f2-11e7-97b4-25c55fe5af39] - page.onError - msg: Warning: It looks like you're using a minified copy of the development build of React. When deploying React apps to production, make sure to use the production build which skips development warnings and is faster. See https://fb.me/react-minification for more details.

  phantomjs://platform/console++.js:263 in error
[ERROR - 2017-06-19T13:31:30.661Z] Session [d22999d0-54f2-11e7-97b4-25c55fe5af39] - page.onError - stack:
  e (https://static.glassdoor.com/static/js/gd-emp-photos-lightbox.js:1)

  phantomjs://platform/console++.js:263 in error
[ERROR - 2017-06-19T13:31:30.696Z] Session [d22999d0-54f2-11e7-97b4-25c55fe5af39] - page.onError - msg: Warning: It looks like you're using a minified copy of the development build of React. When deploying React apps to production, make sure to use the production build which skips development warnings and is faster. See https://fb.me/react-minification for more details.

  phantomjs://platform/console++.js:263 in error
[ERROR - 2017-06-19T13:31:30.696Z] Session [d22999d0-54f2-11e7-97b4-25c55fe5af39] - page.onError - stack:
  e (https://static.glassdoor.com/static/js/gd-emp-photos-lightbox.js:1)

  phantomjs://platform/console++.js:263 in error
[ERROR - 2017-06-19T13:32:39.440Z] Session [d22999d0-54f2-11e7-97b4-25c55fe5af39] - page.onError - msg: Warning: It looks like you're using a minified copy of the development build of React. When deploying React apps to production, make sure to use the production build which skips development warnings and is faster. See https://fb.me/react-minification for more details.

  phantomjs://platform/console++.js:263 in error
[ERROR - 2017-06-19T13:32:39.440Z] Session [d22999d0-54f2-11e7-97b4-25c55fe5af39] - page.onError - stack:
  e (https://static.glassdoor.com/static/js/gd-emp-photos-lightbox.js:1)

  phantomjs://platform/console++.js:263 in error
[ERROR - 2017-06-19T13:32:39.476Z] Session [d22999d0-54f2-11e7-97b4-25c55fe5af39] - page.onError - msg: Warning: It looks like you're using a minified copy of the development build of React. When deploying React apps to production, make sure to use the production build which skips development warnings and is faster. See https://fb.me/react-minification for more details.

  phantomjs://platform/console++.js:263 in error
[ERROR - 2017-06-19T13:32:39.476Z] Session [d22999d0-54f2-11e7-97b4-25c55fe5af39] - page.onError - stack:
  e (https://static.glassdoor.com/static/js/gd-emp-photos-lightbox.js:1)

  phantomjs://platform/console++.js:263 in error
[ERROR - 2017-06-19T13:32:43.238Z] Session [d22999d0-54f2-11e7-97b4-25c55fe5af39] - page.onError - msg: Warning: It looks like you're using a minified copy of the development build of React. When deploying React apps to production, make sure to use the production build which skips development warnings and is faster. See https://fb.me/react-minification for more details.

  phantomjs://platform/console++.js:263 in error
[ERROR - 2017-06-19T13:32:43.238Z] Session [d22999d0-54f2-11e7-97b4-25c55fe5af39] - page.onError - stack:
  e (https://static.glassdoor.com/static/js/gd-emp-photos-lightbox.js:1)

  phantomjs://platform/console++.js:263 in error
[ERROR - 2017-06-19T13:32:51.842Z] Session [d22999d0-54f2-11e7-97b4-25c55fe5af39] - page.onError - msg: Warning: It looks like you're using a minified copy of the development build of React. When deploying React apps to production, make sure to use the production build which skips development warnings and is faster. See https://fb.me/react-minification for more details.

  phantomjs://platform/console++.js:263 in error
[ERROR - 2017-06-19T13:32:51.842Z] Session [d22999d0-54f2-11e7-97b4-25c55fe5af39] - page.onError - stack:
  e (https://static.glassdoor.com/static/js/gd-emp-photos-lightbox.js:1)

  phantomjs://platform/console++.js:263 in error
[ERROR - 2017-06-19T13:32:51.879Z] Session [d22999d0-54f2-11e7-97b4-25c55fe5af39] - page.onError - msg: Warning: It looks like you're using a minified copy of the development build of React. When deploying React apps to production, make sure to use the production build which skips development warnings and is faster. See https://fb.me/react-minification for more details.

  phantomjs://platform/console++.js:263 in error
[ERROR - 2017-06-19T13:32:51.879Z] Session [d22999d0-54f2-11e7-97b4-25c55fe5af39] - page.onError - stack:
  e (https://static.glassdoor.com/static/js/gd-emp-photos-lightbox.js:1)

  phantomjs://platform/console++.js:263 in error
[ERROR - 2017-06-19T13:33:10.323Z] Session [d22999d0-54f2-11e7-97b4-25c55fe5af39] - page.onError - msg: Warning: It looks like you're using a minified copy of the development build of React. When deploying React apps to production, make sure to use the production build which skips development warnings and is faster. See https://fb.me/react-minification for more details.

  phantomjs://platform/console++.js:263 in error
[ERROR - 2017-06-19T13:33:10.323Z] Session [d22999d0-54f2-11e7-97b4-25c55fe5af39] - page.onError - stack:
  e (https://static.glassdoor.com/static/js/gd-emp-photos-lightbox.js:1)

  phantomjs://platform/console++.js:263 in error
[ERROR - 2017-06-19T13:33:10.363Z] Session [d22999d0-54f2-11e7-97b4-25c55fe5af39] - page.onError - msg: Warning: It looks like you're using a minified copy of the development build of React. When deploying React apps to production, make sure to use the production build which skips development warnings and is faster. See https://fb.me/react-minification for more details.

  phantomjs://platform/console++.js:263 in error
[ERROR - 2017-06-19T13:33:10.363Z] Session [d22999d0-54f2-11e7-97b4-25c55fe5af39] - page.onError - stack:
  e (https://static.glassdoor.com/static/js/gd-emp-photos-lightbox.js:1)

  phantomjs://platform/console++.js:263 in error
[ERROR - 2017-06-19T13:33:27.067Z] Session [d22999d0-54f2-11e7-97b4-25c55fe5af39] - page.onError - msg: Warning: It looks like you're using a minified copy of the development build of React. When deploying React apps to production, make sure to use the production build which skips development warnings and is faster. See https://fb.me/react-minification for more details.

  phantomjs://platform/console++.js:263 in error
[ERROR - 2017-06-19T13:33:27.068Z] Session [d22999d0-54f2-11e7-97b4-25c55fe5af39] - page.onError - stack:
  e (https://static.glassdoor.com/static/js/gd-emp-photos-lightbox.js:1)

  phantomjs://platform/console++.js:263 in error
[ERROR - 2017-06-19T13:34:04.682Z] Session [d22999d0-54f2-11e7-97b4-25c55fe5af39] - page.onError - msg: Warning: It looks like you're using a minified copy of the development build of React. When deploying React apps to production, make sure to use the production build which skips development warnings and is faster. See https://fb.me/react-minification for more details.

  phantomjs://platform/console++.js:263 in error
[ERROR - 2017-06-19T13:34:04.682Z] Session [d22999d0-54f2-11e7-97b4-25c55fe5af39] - page.onError - stack:
  e (https://static.glassdoor.com/static/js/gd-emp-photos-lightbox.js:1)

  phantomjs://platform/console++.js:263 in error
[ERROR - 2017-06-19T13:34:30.489Z] Session [d22999d0-54f2-11e7-97b4-25c55fe5af39] - page.onError - msg: Facebook Pixel Error: Duplicate Pixel ID: 1499075380345177

  phantomjs://platform/console++.js:263 in error
[ERROR - 2017-06-19T13:34:30.489Z] Session [d22999d0-54f2-11e7-97b4-25c55fe5af39] - page.onError - stack:
  kc (https://connect.facebook.net/en_US/fbevents.js:25)

  phantomjs://platform/console++.js:263 in error
[ERROR - 2017-06-19T13:34:45.171Z] Session [d22999d0-54f2-11e7-97b4-25c55fe5af39] - page.onError - msg: Warning: It looks like you're using a minified copy of the development build of React. When deploying React apps to production, make sure to use the production build which skips development warnings and is faster. See https://fb.me/react-minification for more details.

  phantomjs://platform/console++.js:263 in error
[ERROR - 2017-06-19T13:34:45.171Z] Session [d22999d0-54f2-11e7-97b4-25c55fe5af39] - page.onError - stack:
  e (https://static.glassdoor.com/static/js/gd-emp-photos-lightbox.js:1)

  phantomjs://platform/console++.js:263 in error
[ERROR - 2017-06-19T13:34:50.777Z] Session [d22999d0-54f2-11e7-97b4-25c55fe5af39] - page.onError - msg: Facebook Pixel Error: Duplicate Pixel ID: 1499075380345177

  phantomjs://platform/console++.js:263 in error
[ERROR - 2017-06-19T13:34:50.777Z] Session [d22999d0-54f2-11e7-97b4-25c55fe5af39] - page.onError - stack:
  kc (https://connect.facebook.net/en_US/fbevents.js:25)

  phantomjs://platform/console++.js:263 in error
[ERROR - 2017-06-19T13:34:51.309Z] Session [d22999d0-54f2-11e7-97b4-25c55fe5af39] - page.onError - msg: Warning: It looks like you're using a minified copy of the development build of React. When deploying React apps to production, make sure to use the production build which skips development warnings and is faster. See https://fb.me/react-minification for more details.

  phantomjs://platform/console++.js:263 in error
[ERROR - 2017-06-19T13:34:51.310Z] Session [d22999d0-54f2-11e7-97b4-25c55fe5af39] - page.onError - stack:
  e (https://static.glassdoor.com/static/js/gd-emp-photos-lightbox.js:1)

  phantomjs://platform/console++.js:263 in error
[ERROR - 2017-06-19T13:34:51.373Z] Session [d22999d0-54f2-11e7-97b4-25c55fe5af39] - page.onError - msg: Warning: It looks like you're using a minified copy of the development build of React. When deploying React apps to production, make sure to use the production build which skips development warnings and is faster. See https://fb.me/react-minification for more details.

  phantomjs://platform/console++.js:263 in error
[ERROR - 2017-06-19T13:34:51.373Z] Session [d22999d0-54f2-11e7-97b4-25c55fe5af39] - page.onError - stack:
  e (https://static.glassdoor.com/static/js/gd-emp-photos-lightbox.js:1)

  phantomjs://platform/console++.js:263 in error
[ERROR - 2017-06-19T13:34:54.818Z] Session [d22999d0-54f2-11e7-97b4-25c55fe5af39] - page.onError - msg: Facebook Pixel Error: Duplicate Pixel ID: 1499075380345177

  phantomjs://platform/console++.js:263 in error
[ERROR - 2017-06-19T13:34:54.818Z] Session [d22999d0-54f2-11e7-97b4-25c55fe5af39] - page.onError - stack:
  kc (https://connect.facebook.net/en_US/fbevents.js:25)

  phantomjs://platform/console++.js:263 in error
[ERROR - 2017-06-19T13:35:35.489Z] Session [d22999d0-54f2-11e7-97b4-25c55fe5af39] - page.onError - msg: Facebook Pixel Error: Duplicate Pixel ID: 1499075380345177

  phantomjs://platform/console++.js:263 in error
[ERROR - 2017-06-19T13:35:35.489Z] Session [d22999d0-54f2-11e7-97b4-25c55fe5af39] - page.onError - stack:
  kc (https://connect.facebook.net/en_US/fbevents.js:25)

  phantomjs://platform/console++.js:263 in error
[ERROR - 2017-06-19T13:35:35.952Z] Session [d22999d0-54f2-11e7-97b4-25c55fe5af39] - page.onError - msg: Warning: It looks like you're using a minified copy of the development build of React. When deploying React apps to production, make sure to use the production build which skips development warnings and is faster. See https://fb.me/react-minification for more details.

  phantomjs://platform/console++.js:263 in error
[ERROR - 2017-06-19T13:35:35.952Z] Session [d22999d0-54f2-11e7-97b4-25c55fe5af39] - page.onError - stack:
  e (https://static.glassdoor.com/static/js/gd-emp-photos-lightbox.js:1)

  phantomjs://platform/console++.js:263 in error
[INFO  - 2017-06-19T13:35:54.305Z] SessionManagerReqHand - _cleanupWindowlessSessions - Asynchronous Sessions clean-up phase starting NOW
[ERROR - 2017-06-19T13:35:57.459Z] Session [d22999d0-54f2-11e7-97b4-25c55fe5af39] - page.onError - msg: Facebook Pixel Error: Duplicate Pixel ID: 1499075380345177

  phantomjs://platform/console++.js:263 in error
[ERROR - 2017-06-19T13:35:57.459Z] Session [d22999d0-54f2-11e7-97b4-25c55fe5af39] - page.onError - stack:
  kc (https://connect.facebook.net/en_US/fbevents.js:25)

  phantomjs://platform/console++.js:263 in error
[ERROR - 2017-06-19T13:35:57.985Z] Session [d22999d0-54f2-11e7-97b4-25c55fe5af39] - page.onError - msg: Warning: It looks like you're using a minified copy of the development build of React. When deploying React apps to production, make sure to use the production build which skips development warnings and is faster. See https://fb.me/react-minification for more details.

  phantomjs://platform/console++.js:263 in error
[ERROR - 2017-06-19T13:35:57.985Z] Session [d22999d0-54f2-11e7-97b4-25c55fe5af39] - page.onError - stack:
  e (https://static.glassdoor.com/static/js/gd-emp-photos-lightbox.js:1)

  phantomjs://platform/console++.js:263 in error
[ERROR - 2017-06-19T13:35:58.022Z] Session [d22999d0-54f2-11e7-97b4-25c55fe5af39] - page.onError - msg: Warning: It looks like you're using a minified copy of the development build of React. When deploying React apps to production, make sure to use the production build which skips development warnings and is faster. See https://fb.me/react-minification for more details.

  phantomjs://platform/console++.js:263 in error
[ERROR - 2017-06-19T13:35:58.022Z] Session [d22999d0-54f2-11e7-97b4-25c55fe5af39] - page.onError - stack:
  e (https://static.glassdoor.com/static/js/gd-emp-photos-lightbox.js:1)

  phantomjs://platform/console++.js:263 in error
[ERROR - 2017-06-19T13:37:00.221Z] Session [d22999d0-54f2-11e7-97b4-25c55fe5af39] - page.onError - msg: Warning: It looks like you're using a minified copy of the development build of React. When deploying React apps to production, make sure to use the production build which skips development warnings and is faster. See https://fb.me/react-minification for more details.

  phantomjs://platform/console++.js:263 in error
[ERROR - 2017-06-19T13:37:00.221Z] Session [d22999d0-54f2-11e7-97b4-25c55fe5af39] - page.onError - stack:
  e (https://static.glassdoor.com/static/js/gd-emp-photos-lightbox.js:1)

  phantomjs://platform/console++.js:263 in error
[ERROR - 2017-06-19T13:37:00.276Z] Session [d22999d0-54f2-11e7-97b4-25c55fe5af39] - page.onError - msg: Warning: It looks like you're using a minified copy of the development build of React. When deploying React apps to production, make sure to use the production build which skips development warnings and is faster. See https://fb.me/react-minification for more details.

  phantomjs://platform/console++.js:263 in error
[ERROR - 2017-06-19T13:37:00.276Z] Session [d22999d0-54f2-11e7-97b4-25c55fe5af39] - page.onError - stack:
  e (https://static.glassdoor.com/static/js/gd-emp-photos-lightbox.js:1)

  phantomjs://platform/console++.js:263 in error
[ERROR - 2017-06-19T13:37:07.404Z] Session [d22999d0-54f2-11e7-97b4-25c55fe5af39] - page.onError - msg: Facebook Pixel Error: Duplicate Pixel ID: 1499075380345177

  phantomjs://platform/console++.js:263 in error
[ERROR - 2017-06-19T13:37:07.404Z] Session [d22999d0-54f2-11e7-97b4-25c55fe5af39] - page.onError - stack:
  kc (https://connect.facebook.net/en_US/fbevents.js:25)

  phantomjs://platform/console++.js:263 in error
[ERROR - 2017-06-19T13:37:09.910Z] Session [d22999d0-54f2-11e7-97b4-25c55fe5af39] - page.onError - msg: Warning: It looks like you're using a minified copy of the development build of React. When deploying React apps to production, make sure to use the production build which skips development warnings and is faster. See https://fb.me/react-minification for more details.

  phantomjs://platform/console++.js:263 in error
[ERROR - 2017-06-19T13:37:09.910Z] Session [d22999d0-54f2-11e7-97b4-25c55fe5af39] - page.onError - stack:
  e (https://static.glassdoor.com/static/js/gd-emp-photos-lightbox.js:1)

  phantomjs://platform/console++.js:263 in error
[ERROR - 2017-06-19T13:37:26.480Z] Session [d22999d0-54f2-11e7-97b4-25c55fe5af39] - page.onError - msg: Warning: It looks like you're using a minified copy of the development build of React. When deploying React apps to production, make sure to use the production build which skips development warnings and is faster. See https://fb.me/react-minification for more details.

  phantomjs://platform/console++.js:263 in error
[ERROR - 2017-06-19T13:37:26.480Z] Session [d22999d0-54f2-11e7-97b4-25c55fe5af39] - page.onError - stack:
  e (https://static.glassdoor.com/static/js/gd-emp-photos-lightbox.js:1)

  phantomjs://platform/console++.js:263 in error
[ERROR - 2017-06-19T13:37:26.523Z] Session [d22999d0-54f2-11e7-97b4-25c55fe5af39] - page.onError - msg: Warning: It looks like you're using a minified copy of the development build of React. When deploying React apps to production, make sure to use the production build which skips development warnings and is faster. See https://fb.me/react-minification for more details.

  phantomjs://platform/console++.js:263 in error
[ERROR - 2017-06-19T13:37:26.523Z] Session [d22999d0-54f2-11e7-97b4-25c55fe5af39] - page.onError - stack:
  e (https://static.glassdoor.com/static/js/gd-emp-photos-lightbox.js:1)

  phantomjs://platform/console++.js:263 in error
[ERROR - 2017-06-19T13:37:39.352Z] Session [d22999d0-54f2-11e7-97b4-25c55fe5af39] - page.onError - msg: Warning: It looks like you're using a minified copy of the development build of React. When deploying React apps to production, make sure to use the production build which skips development warnings and is faster. See https://fb.me/react-minification for more details.

  phantomjs://platform/console++.js:263 in error
[ERROR - 2017-06-19T13:37:39.352Z] Session [d22999d0-54f2-11e7-97b4-25c55fe5af39] - page.onError - stack:
  e (https://static.glassdoor.com/static/js/gd-emp-photos-lightbox.js:1)

  phantomjs://platform/console++.js:263 in error
[ERROR - 2017-06-19T13:37:39.398Z] Session [d22999d0-54f2-11e7-97b4-25c55fe5af39] - page.onError - msg: Warning: It looks like you're using a minified copy of the development build of React. When deploying React apps to production, make sure to use the production build which skips development warnings and is faster. See https://fb.me/react-minification for more details.

  phantomjs://platform/console++.js:263 in error
[ERROR - 2017-06-19T13:37:39.398Z] Session [d22999d0-54f2-11e7-97b4-25c55fe5af39] - page.onError - stack:
  e (https://static.glassdoor.com/static/js/gd-emp-photos-lightbox.js:1)

  phantomjs://platform/console++.js:263 in error
[ERROR - 2017-06-19T13:37:47.408Z] Session [d22999d0-54f2-11e7-97b4-25c55fe5af39] - page.onError - msg: Facebook Pixel Error: Duplicate Pixel ID: 1499075380345177

  phantomjs://platform/console++.js:263 in error
[ERROR - 2017-06-19T13:37:47.409Z] Session [d22999d0-54f2-11e7-97b4-25c55fe5af39] - page.onError - stack:
  kc (https://connect.facebook.net/en_US/fbevents.js:25)

  phantomjs://platform/console++.js:263 in error
[ERROR - 2017-06-19T13:37:48.005Z] Session [d22999d0-54f2-11e7-97b4-25c55fe5af39] - page.onError - msg: Warning: It looks like you're using a minified copy of the development build of React. When deploying React apps to production, make sure to use the production build which skips development warnings and is faster. See https://fb.me/react-minification for more details.

  phantomjs://platform/console++.js:263 in error
[ERROR - 2017-06-19T13:37:48.005Z] Session [d22999d0-54f2-11e7-97b4-25c55fe5af39] - page.onError - stack:
  e (https://static.glassdoor.com/static/js/gd-emp-photos-lightbox.js:1)

  phantomjs://platform/console++.js:263 in error
[ERROR - 2017-06-19T13:38:10.559Z] Session [d22999d0-54f2-11e7-97b4-25c55fe5af39] - page.onError - msg: Warning: It looks like you're using a minified copy of the development build of React. When deploying React apps to production, make sure to use the production build which skips development warnings and is faster. See https://fb.me/react-minification for more details.

  phantomjs://platform/console++.js:263 in error
[ERROR - 2017-06-19T13:38:10.559Z] Session [d22999d0-54f2-11e7-97b4-25c55fe5af39] - page.onError - stack:
  e (https://static.glassdoor.com/static/js/gd-emp-photos-lightbox.js:1)

  phantomjs://platform/console++.js:263 in error
[ERROR - 2017-06-19T13:38:10.595Z] Session [d22999d0-54f2-11e7-97b4-25c55fe5af39] - page.onError - msg: Warning: It looks like you're using a minified copy of the development build of React. When deploying React apps to production, make sure to use the production build which skips development warnings and is faster. See https://fb.me/react-minification for more details.

  phantomjs://platform/console++.js:263 in error
[ERROR - 2017-06-19T13:38:10.595Z] Session [d22999d0-54f2-11e7-97b4-25c55fe5af39] - page.onError - stack:
  e (https://static.glassdoor.com/static/js/gd-emp-photos-lightbox.js:1)

  phantomjs://platform/console++.js:263 in error
[ERROR - 2017-06-19T13:38:45.560Z] Session [d22999d0-54f2-11e7-97b4-25c55fe5af39] - page.onError - msg: Warning: It looks like you're using a minified copy of the development build of React. When deploying React apps to production, make sure to use the production build which skips development warnings and is faster. See https://fb.me/react-minification for more details.

  phantomjs://platform/console++.js:263 in error
[ERROR - 2017-06-19T13:38:45.560Z] Session [d22999d0-54f2-11e7-97b4-25c55fe5af39] - page.onError - stack:
  e (https://static.glassdoor.com/static/js/gd-emp-photos-lightbox.js:1)

  phantomjs://platform/console++.js:263 in error
[ERROR - 2017-06-19T13:39:04.755Z] Session [d22999d0-54f2-11e7-97b4-25c55fe5af39] - page.onError - msg: Warning: It looks like you're using a minified copy of the development build of React. When deploying React apps to production, make sure to use the production build which skips development warnings and is faster. See https://fb.me/react-minification for more details.

  phantomjs://platform/console++.js:263 in error
[ERROR - 2017-06-19T13:39:04.756Z] Session [d22999d0-54f2-11e7-97b4-25c55fe5af39] - page.onError - stack:
  e (https://static.glassdoor.com/static/js/gd-emp-photos-lightbox.js:1)

  phantomjs://platform/console++.js:263 in error
[ERROR - 2017-06-19T13:39:04.807Z] Session [d22999d0-54f2-11e7-97b4-25c55fe5af39] - page.onError - msg: Warning: It looks like you're using a minified copy of the development build of React. When deploying React apps to production, make sure to use the production build which skips development warnings and is faster. See https://fb.me/react-minification for more details.

  phantomjs://platform/console++.js:263 in error
[ERROR - 2017-06-19T13:39:04.807Z] Session [d22999d0-54f2-11e7-97b4-25c55fe5af39] - page.onError - stack:
  e (https://static.glassdoor.com/static/js/gd-emp-photos-lightbox.js:1)

  phantomjs://platform/console++.js:263 in error
[ERROR - 2017-06-19T13:39:30.564Z] Session [d22999d0-54f2-11e7-97b4-25c55fe5af39] - page.onError - msg: Facebook Pixel Error: Duplicate Pixel ID: 1499075380345177

  phantomjs://platform/console++.js:263 in error
[ERROR - 2017-06-19T13:39:30.564Z] Session [d22999d0-54f2-11e7-97b4-25c55fe5af39] - page.onError - stack:
  kc (https://connect.facebook.net/en_US/fbevents.js:25)

  phantomjs://platform/console++.js:263 in error
[ERROR - 2017-06-19T13:40:03.630Z] Session [d22999d0-54f2-11e7-97b4-25c55fe5af39] - page.onError - msg: Warning: It looks like you're using a minified copy of the development build of React. When deploying React apps to production, make sure to use the production build which skips development warnings and is faster. See https://fb.me/react-minification for more details.

  phantomjs://platform/console++.js:263 in error
[ERROR - 2017-06-19T13:40:03.630Z] Session [d22999d0-54f2-11e7-97b4-25c55fe5af39] - page.onError - stack:
  e (https://static.glassdoor.com/static/js/gd-emp-photos-lightbox.js:1)

  phantomjs://platform/console++.js:263 in error
[ERROR - 2017-06-19T13:40:03.681Z] Session [d22999d0-54f2-11e7-97b4-25c55fe5af39] - page.onError - msg: Warning: It looks like you're using a minified copy of the development build of React. When deploying React apps to production, make sure to use the production build which skips development warnings and is faster. See https://fb.me/react-minification for more details.

  phantomjs://platform/console++.js:263 in error
[ERROR - 2017-06-19T13:40:03.681Z] Session [d22999d0-54f2-11e7-97b4-25c55fe5af39] - page.onError - stack:
  e (https://static.glassdoor.com/static/js/gd-emp-photos-lightbox.js:1)

  phantomjs://platform/console++.js:263 in error
[ERROR - 2017-06-19T13:40:06.070Z] Session [d22999d0-54f2-11e7-97b4-25c55fe5af39] - page.onError - msg: Warning: It looks like you're using a minified copy of the development build of React. When deploying React apps to production, make sure to use the production build which skips development warnings and is faster. See https://fb.me/react-minification for more details.

  phantomjs://platform/console++.js:263 in error
[ERROR - 2017-06-19T13:40:06.071Z] Session [d22999d0-54f2-11e7-97b4-25c55fe5af39] - page.onError - stack:
  e (https://static.glassdoor.com/static/js/gd-emp-photos-lightbox.js:1)

  phantomjs://platform/console++.js:263 in error
[ERROR - 2017-06-19T13:40:21.430Z] Session [d22999d0-54f2-11e7-97b4-25c55fe5af39] - page.onError - msg: Facebook Pixel Error: Duplicate Pixel ID: 1499075380345177

  phantomjs://platform/console++.js:263 in error
[ERROR - 2017-06-19T13:40:21.430Z] Session [d22999d0-54f2-11e7-97b4-25c55fe5af39] - page.onError - stack:
  kc (https://connect.facebook.net/en_US/fbevents.js:25)

  phantomjs://platform/console++.js:263 in error
[ERROR - 2017-06-19T13:40:21.930Z] Session [d22999d0-54f2-11e7-97b4-25c55fe5af39] - page.onError - msg: Warning: It looks like you're using a minified copy of the development build of React. When deploying React apps to production, make sure to use the production build which skips development warnings and is faster. See https://fb.me/react-minification for more details.

  phantomjs://platform/console++.js:263 in error
[ERROR - 2017-06-19T13:40:21.930Z] Session [d22999d0-54f2-11e7-97b4-25c55fe5af39] - page.onError - stack:
  e (https://static.glassdoor.com/static/js/gd-emp-photos-lightbox.js:1)

  phantomjs://platform/console++.js:263 in error
[ERROR - 2017-06-19T13:40:21.978Z] Session [d22999d0-54f2-11e7-97b4-25c55fe5af39] - page.onError - msg: Warning: It looks like you're using a minified copy of the development build of React. When deploying React apps to production, make sure to use the production build which skips development warnings and is faster. See https://fb.me/react-minification for more details.

  phantomjs://platform/console++.js:263 in error
[ERROR - 2017-06-19T13:40:21.979Z] Session [d22999d0-54f2-11e7-97b4-25c55fe5af39] - page.onError - stack:
  e (https://static.glassdoor.com/static/js/gd-emp-photos-lightbox.js:1)

  phantomjs://platform/console++.js:263 in error
[ERROR - 2017-06-19T13:40:45.732Z] Session [d22999d0-54f2-11e7-97b4-25c55fe5af39] - page.onError - msg: Facebook Pixel Error: Duplicate Pixel ID: 1499075380345177

  phantomjs://platform/console++.js:263 in error
[ERROR - 2017-06-19T13:40:45.732Z] Session [d22999d0-54f2-11e7-97b4-25c55fe5af39] - page.onError - stack:
  kc (https://connect.facebook.net/en_US/fbevents.js:25)

  phantomjs://platform/console++.js:263 in error
[ERROR - 2017-06-19T13:40:46.311Z] Session [d22999d0-54f2-11e7-97b4-25c55fe5af39] - page.onError - msg: Warning: It looks like you're using a minified copy of the development build of React. When deploying React apps to production, make sure to use the production build which skips development warnings and is faster. See https://fb.me/react-minification for more details.

  phantomjs://platform/console++.js:263 in error
[ERROR - 2017-06-19T13:40:46.311Z] Session [d22999d0-54f2-11e7-97b4-25c55fe5af39] - page.onError - stack:
  e (https://static.glassdoor.com/static/js/gd-emp-photos-lightbox.js:1)

  phantomjs://platform/console++.js:263 in error
[ERROR - 2017-06-19T13:40:46.391Z] Session [d22999d0-54f2-11e7-97b4-25c55fe5af39] - page.onError - msg: Warning: It looks like you're using a minified copy of the development build of React. When deploying React apps to production, make sure to use the production build which skips development warnings and is faster. See https://fb.me/react-minification for more details.

  phantomjs://platform/console++.js:263 in error
[ERROR - 2017-06-19T13:40:46.391Z] Session [d22999d0-54f2-11e7-97b4-25c55fe5af39] - page.onError - stack:
  e (https://static.glassdoor.com/static/js/gd-emp-photos-lightbox.js:1)

  phantomjs://platform/console++.js:263 in error
[INFO  - 2017-06-19T13:40:55.296Z] SessionManagerReqHand - _cleanupWindowlessSessions - Asynchronous Sessions clean-up phase starting NOW
[ERROR - 2017-06-19T13:40:57.837Z] Session [d22999d0-54f2-11e7-97b4-25c55fe5af39] - page.onError - msg: Warning: It looks like you're using a minified copy of the development build of React. When deploying React apps to production, make sure to use the production build which skips development warnings and is faster. See https://fb.me/react-minification for more details.

  phantomjs://platform/console++.js:263 in error
[ERROR - 2017-06-19T13:40:57.837Z] Session [d22999d0-54f2-11e7-97b4-25c55fe5af39] - page.onError - stack:
  e (https://static.glassdoor.com/static/js/gd-emp-photos-lightbox.js:1)

  phantomjs://platform/console++.js:263 in error
[ERROR - 2017-06-19T13:41:31.863Z] Session [d22999d0-54f2-11e7-97b4-25c55fe5af39] - page.onError - msg: Facebook Pixel Error: Duplicate Pixel ID: 1499075380345177

  phantomjs://platform/console++.js:263 in error
[ERROR - 2017-06-19T13:41:31.864Z] Session [d22999d0-54f2-11e7-97b4-25c55fe5af39] - page.onError - stack:
  kc (https://connect.facebook.net/en_US/fbevents.js:25)

  phantomjs://platform/console++.js:263 in error
[ERROR - 2017-06-19T13:42:18.533Z] Session [d22999d0-54f2-11e7-97b4-25c55fe5af39] - page.onError - msg: Warning: It looks like you're using a minified copy of the development build of React. When deploying React apps to production, make sure to use the production build which skips development warnings and is faster. See https://fb.me/react-minification for more details.

  phantomjs://platform/console++.js:263 in error
[ERROR - 2017-06-19T13:42:18.533Z] Session [d22999d0-54f2-11e7-97b4-25c55fe5af39] - page.onError - stack:
  e (https://static.glassdoor.com/static/js/gd-emp-photos-lightbox.js:1)

  phantomjs://platform/console++.js:263 in error
[ERROR - 2017-06-19T13:42:18.618Z] Session [d22999d0-54f2-11e7-97b4-25c55fe5af39] - page.onError - msg: Warning: It looks like you're using a minified copy of the development build of React. When deploying React apps to production, make sure to use the production build which skips development warnings and is faster. See https://fb.me/react-minification for more details.

  phantomjs://platform/console++.js:263 in error
[ERROR - 2017-06-19T13:42:18.619Z] Session [d22999d0-54f2-11e7-97b4-25c55fe5af39] - page.onError - stack:
  e (https://static.glassdoor.com/static/js/gd-emp-photos-lightbox.js:1)

  phantomjs://platform/console++.js:263 in error
[ERROR - 2017-06-19T13:42:22.795Z] Session [d22999d0-54f2-11e7-97b4-25c55fe5af39] - page.onError - msg: Facebook Pixel Error: Duplicate Pixel ID: 1499075380345177

  phantomjs://platform/console++.js:263 in error
[ERROR - 2017-06-19T13:42:22.795Z] Session [d22999d0-54f2-11e7-97b4-25c55fe5af39] - page.onError - stack:
  kc (https://connect.facebook.net/en_US/fbevents.js:25)

  phantomjs://platform/console++.js:263 in error
[ERROR - 2017-06-19T13:42:33.568Z] Session [d22999d0-54f2-11e7-97b4-25c55fe5af39] - page.onError - msg: Facebook Pixel Error: Duplicate Pixel ID: 1499075380345177

  phantomjs://platform/console++.js:263 in error
[ERROR - 2017-06-19T13:42:33.568Z] Session [d22999d0-54f2-11e7-97b4-25c55fe5af39] - page.onError - stack:
  kc (https://connect.facebook.net/en_US/fbevents.js:25)

  phantomjs://platform/console++.js:263 in error
[ERROR - 2017-06-19T13:42:34.450Z] Session [d22999d0-54f2-11e7-97b4-25c55fe5af39] - page.onError - msg: Warning: It looks like you're using a minified copy of the development build of React. When deploying React apps to production, make sure to use the production build which skips development warnings and is faster. See https://fb.me/react-minification for more details.

  phantomjs://platform/console++.js:263 in error
[ERROR - 2017-06-19T13:42:34.450Z] Session [d22999d0-54f2-11e7-97b4-25c55fe5af39] - page.onError - stack:
  e (https://static.glassdoor.com/static/js/gd-emp-photos-lightbox.js:1)

  phantomjs://platform/console++.js:263 in error
[ERROR - 2017-06-19T13:42:34.497Z] Session [d22999d0-54f2-11e7-97b4-25c55fe5af39] - page.onError - msg: Warning: It looks like you're using a minified copy of the development build of React. When deploying React apps to production, make sure to use the production build which skips development warnings and is faster. See https://fb.me/react-minification for more details.

  phantomjs://platform/console++.js:263 in error
[ERROR - 2017-06-19T13:42:34.497Z] Session [d22999d0-54f2-11e7-97b4-25c55fe5af39] - page.onError - stack:
  e (https://static.glassdoor.com/static/js/gd-emp-photos-lightbox.js:1)

  phantomjs://platform/console++.js:263 in error
[ERROR - 2017-06-19T13:42:38.884Z] Session [d22999d0-54f2-11e7-97b4-25c55fe5af39] - page.onError - msg: Warning: It looks like you're using a minified copy of the development build of React. When deploying React apps to production, make sure to use the production build which skips development warnings and is faster. See https://fb.me/react-minification for more details.

  phantomjs://platform/console++.js:263 in error
[ERROR - 2017-06-19T13:42:38.884Z] Session [d22999d0-54f2-11e7-97b4-25c55fe5af39] - page.onError - stack:
  e (https://static.glassdoor.com/static/js/gd-emp-photos-lightbox.js:1)

  phantomjs://platform/console++.js:263 in error
[ERROR - 2017-06-19T13:42:59.810Z] Session [d22999d0-54f2-11e7-97b4-25c55fe5af39] - page.onError - msg: Warning: It looks like you're using a minified copy of the development build of React. When deploying React apps to production, make sure to use the production build which skips development warnings and is faster. See https://fb.me/react-minification for more details.

  phantomjs://platform/console++.js:263 in error
[ERROR - 2017-06-19T13:42:59.810Z] Session [d22999d0-54f2-11e7-97b4-25c55fe5af39] - page.onError - stack:
  e (https://static.glassdoor.com/static/js/gd-emp-photos-lightbox.js:1)

  phantomjs://platform/console++.js:263 in error
[ERROR - 2017-06-19T13:42:59.856Z] Session [d22999d0-54f2-11e7-97b4-25c55fe5af39] - page.onError - msg: Warning: It looks like you're using a minified copy of the development build of React. When deploying React apps to production, make sure to use the production build which skips development warnings and is faster. See https://fb.me/react-minification for more details.

  phantomjs://platform/console++.js:263 in error
[ERROR - 2017-06-19T13:42:59.856Z] Session [d22999d0-54f2-11e7-97b4-25c55fe5af39] - page.onError - stack:
  e (https://static.glassdoor.com/static/js/gd-emp-photos-lightbox.js:1)

  phantomjs://platform/console++.js:263 in error
[ERROR - 2017-06-19T13:43:12.999Z] Session [d22999d0-54f2-11e7-97b4-25c55fe5af39] - page.onError - msg: Warning: It looks like you're using a minified copy of the development build of React. When deploying React apps to production, make sure to use the production build which skips development warnings and is faster. See https://fb.me/react-minification for more details.

  phantomjs://platform/console++.js:263 in error
[ERROR - 2017-06-19T13:43:12.999Z] Session [d22999d0-54f2-11e7-97b4-25c55fe5af39] - page.onError - stack:
  e (https://static.glassdoor.com/static/js/gd-emp-photos-lightbox.js:1)

  phantomjs://platform/console++.js:263 in error
[ERROR - 2017-06-19T13:43:13.044Z] Session [d22999d0-54f2-11e7-97b4-25c55fe5af39] - page.onError - msg: Warning: It looks like you're using a minified copy of the development build of React. When deploying React apps to production, make sure to use the production build which skips development warnings and is faster. See https://fb.me/react-minification for more details.

  phantomjs://platform/console++.js:263 in error
[ERROR - 2017-06-19T13:43:13.044Z] Session [d22999d0-54f2-11e7-97b4-25c55fe5af39] - page.onError - stack:
  e (https://static.glassdoor.com/static/js/gd-emp-photos-lightbox.js:1)

  phantomjs://platform/console++.js:263 in error
[ERROR - 2017-06-19T13:43:23.649Z] Session [d22999d0-54f2-11e7-97b4-25c55fe5af39] - page.onError - msg: Warning: It looks like you're using a minified copy of the development build of React. When deploying React apps to production, make sure to use the production build which skips development warnings and is faster. See https://fb.me/react-minification for more details.

  phantomjs://platform/console++.js:263 in error
[ERROR - 2017-06-19T13:43:23.649Z] Session [d22999d0-54f2-11e7-97b4-25c55fe5af39] - page.onError - stack:
  e (https://static.glassdoor.com/static/js/gd-emp-photos-lightbox.js:1)

  phantomjs://platform/console++.js:263 in error
[ERROR - 2017-06-19T13:43:23.741Z] Session [d22999d0-54f2-11e7-97b4-25c55fe5af39] - page.onError - msg: Warning: It looks like you're using a minified copy of the development build of React. When deploying React apps to production, make sure to use the production build which skips development warnings and is faster. See https://fb.me/react-minification for more details.

  phantomjs://platform/console++.js:263 in error
[ERROR - 2017-06-19T13:43:23.741Z] Session [d22999d0-54f2-11e7-97b4-25c55fe5af39] - page.onError - stack:
  e (https://static.glassdoor.com/static/js/gd-emp-photos-lightbox.js:1)

  phantomjs://platform/console++.js:263 in error
[ERROR - 2017-06-19T13:43:26.278Z] Session [d22999d0-54f2-11e7-97b4-25c55fe5af39] - page.onError - msg: Warning: It looks like you're using a minified copy of the development build of React. When deploying React apps to production, make sure to use the production build which skips development warnings and is faster. See https://fb.me/react-minification for more details.

  phantomjs://platform/console++.js:263 in error
[ERROR - 2017-06-19T13:43:26.278Z] Session [d22999d0-54f2-11e7-97b4-25c55fe5af39] - page.onError - stack:
  e (https://static.glassdoor.com/static/js/gd-emp-photos-lightbox.js:1)

  phantomjs://platform/console++.js:263 in error
[ERROR - 2017-06-19T13:43:26.324Z] Session [d22999d0-54f2-11e7-97b4-25c55fe5af39] - page.onError - msg: Warning: It looks like you're using a minified copy of the development build of React. When deploying React apps to production, make sure to use the production build which skips development warnings and is faster. See https://fb.me/react-minification for more details.

  phantomjs://platform/console++.js:263 in error
[ERROR - 2017-06-19T13:43:26.324Z] Session [d22999d0-54f2-11e7-97b4-25c55fe5af39] - page.onError - stack:
  e (https://static.glassdoor.com/static/js/gd-emp-photos-lightbox.js:1)

  phantomjs://platform/console++.js:263 in error
[ERROR - 2017-06-19T13:44:07.166Z] Session [d22999d0-54f2-11e7-97b4-25c55fe5af39] - page.onError - msg: Warning: It looks like you're using a minified copy of the development build of React. When deploying React apps to production, make sure to use the production build which skips development warnings and is faster. See https://fb.me/react-minification for more details.

  phantomjs://platform/console++.js:263 in error
[ERROR - 2017-06-19T13:44:07.166Z] Session [d22999d0-54f2-11e7-97b4-25c55fe5af39] - page.onError - stack:
  e (https://static.glassdoor.com/static/js/gd-emp-photos-lightbox.js:1)

  phantomjs://platform/console++.js:263 in error
[ERROR - 2017-06-19T13:44:07.212Z] Session [d22999d0-54f2-11e7-97b4-25c55fe5af39] - page.onError - msg: Warning: It looks like you're using a minified copy of the development build of React. When deploying React apps to production, make sure to use the production build which skips development warnings and is faster. See https://fb.me/react-minification for more details.

  phantomjs://platform/console++.js:263 in error
[ERROR - 2017-06-19T13:44:07.212Z] Session [d22999d0-54f2-11e7-97b4-25c55fe5af39] - page.onError - stack:
  e (https://static.glassdoor.com/static/js/gd-emp-photos-lightbox.js:1)

  phantomjs://platform/console++.js:263 in error
[ERROR - 2017-06-19T13:44:13.633Z] Session [d22999d0-54f2-11e7-97b4-25c55fe5af39] - page.onError - msg: Facebook Pixel Error: Duplicate Pixel ID: 1499075380345177

  phantomjs://platform/console++.js:263 in error
[ERROR - 2017-06-19T13:44:13.633Z] Session [d22999d0-54f2-11e7-97b4-25c55fe5af39] - page.onError - stack:
  kc (https://connect.facebook.net/en_US/fbevents.js:25)

  phantomjs://platform/console++.js:263 in error
[ERROR - 2017-06-19T13:44:39.883Z] Session [d22999d0-54f2-11e7-97b4-25c55fe5af39] - page.onError - msg: Warning: It looks like you're using a minified copy of the development build of React. When deploying React apps to production, make sure to use the production build which skips development warnings and is faster. See https://fb.me/react-minification for more details.

  phantomjs://platform/console++.js:263 in error
[ERROR - 2017-06-19T13:44:39.883Z] Session [d22999d0-54f2-11e7-97b4-25c55fe5af39] - page.onError - stack:
  e (https://static.glassdoor.com/static/js/gd-emp-photos-lightbox.js:1)

  phantomjs://platform/console++.js:263 in error
[ERROR - 2017-06-19T13:44:39.947Z] Session [d22999d0-54f2-11e7-97b4-25c55fe5af39] - page.onError - msg: Warning: It looks like you're using a minified copy of the development build of React. When deploying React apps to production, make sure to use the production build which skips development warnings and is faster. See https://fb.me/react-minification for more details.

  phantomjs://platform/console++.js:263 in error
[ERROR - 2017-06-19T13:44:39.947Z] Session [d22999d0-54f2-11e7-97b4-25c55fe5af39] - page.onError - stack:
  e (https://static.glassdoor.com/static/js/gd-emp-photos-lightbox.js:1)

  phantomjs://platform/console++.js:263 in error
[INFO  - 2017-06-19T13:45:55.301Z] SessionManagerReqHand - _cleanupWindowlessSessions - Asynchronous Sessions clean-up phase starting NOW
[ERROR - 2017-06-19T13:46:57.326Z] Session [d22999d0-54f2-11e7-97b4-25c55fe5af39] - page.onError - msg: Facebook Pixel Error: Duplicate Pixel ID: 1499075380345177

  phantomjs://platform/console++.js:263 in error
[ERROR - 2017-06-19T13:46:57.326Z] Session [d22999d0-54f2-11e7-97b4-25c55fe5af39] - page.onError - stack:
  kc (https://connect.facebook.net/en_US/fbevents.js:24)

  phantomjs://platform/console++.js:263 in error
[ERROR - 2017-06-19T13:47:13.184Z] Session [d22999d0-54f2-11e7-97b4-25c55fe5af39] - page.onError - msg: Facebook Pixel Error: Duplicate Pixel ID: 1499075380345177

  phantomjs://platform/console++.js:263 in error
[ERROR - 2017-06-19T13:47:13.184Z] Session [d22999d0-54f2-11e7-97b4-25c55fe5af39] - page.onError - stack:
  kc (https://connect.facebook.net/en_US/fbevents.js:24)

  phantomjs://platform/console++.js:263 in error
[ERROR - 2017-06-19T13:47:13.985Z] Session [d22999d0-54f2-11e7-97b4-25c55fe5af39] - page.onError - msg: Warning: It looks like you're using a minified copy of the development build of React. When deploying React apps to production, make sure to use the production build which skips development warnings and is faster. See https://fb.me/react-minification for more details.

  phantomjs://platform/console++.js:263 in error
[ERROR - 2017-06-19T13:47:13.985Z] Session [d22999d0-54f2-11e7-97b4-25c55fe5af39] - page.onError - stack:
  e (https://static.glassdoor.com/static/js/gd-emp-photos-lightbox.js:1)

  phantomjs://platform/console++.js:263 in error
[ERROR - 2017-06-19T13:47:32.472Z] Session [d22999d0-54f2-11e7-97b4-25c55fe5af39] - page.onError - msg: Warning: It looks like you're using a minified copy of the development build of React. When deploying React apps to production, make sure to use the production build which skips development warnings and is faster. See https://fb.me/react-minification for more details.

  phantomjs://platform/console++.js:263 in error
[ERROR - 2017-06-19T13:47:32.472Z] Session [d22999d0-54f2-11e7-97b4-25c55fe5af39] - page.onError - stack:
  e (https://static.glassdoor.com/static/js/gd-emp-photos-lightbox.js:1)

  phantomjs://platform/console++.js:263 in error
[ERROR - 2017-06-19T13:47:32.526Z] Session [d22999d0-54f2-11e7-97b4-25c55fe5af39] - page.onError - msg: Warning: It looks like you're using a minified copy of the development build of React. When deploying React apps to production, make sure to use the production build which skips development warnings and is faster. See https://fb.me/react-minification for more details.

  phantomjs://platform/console++.js:263 in error
[ERROR - 2017-06-19T13:47:32.526Z] Session [d22999d0-54f2-11e7-97b4-25c55fe5af39] - page.onError - stack:
  e (https://static.glassdoor.com/static/js/gd-emp-photos-lightbox.js:1)

  phantomjs://platform/console++.js:263 in error
[ERROR - 2017-06-19T13:47:53.796Z] Session [d22999d0-54f2-11e7-97b4-25c55fe5af39] - page.onError - msg: Facebook Pixel Error: Duplicate Pixel ID: 1499075380345177

  phantomjs://platform/console++.js:263 in error
[ERROR - 2017-06-19T13:47:53.796Z] Session [d22999d0-54f2-11e7-97b4-25c55fe5af39] - page.onError - stack:
  kc (https://connect.facebook.net/en_US/fbevents.js:24)

  phantomjs://platform/console++.js:263 in error
[ERROR - 2017-06-19T13:47:54.339Z] Session [d22999d0-54f2-11e7-97b4-25c55fe5af39] - page.onError - msg: Warning: It looks like you're using a minified copy of the development build of React. When deploying React apps to production, make sure to use the production build which skips development warnings and is faster. See https://fb.me/react-minification for more details.

  phantomjs://platform/console++.js:263 in error
[ERROR - 2017-06-19T13:47:54.339Z] Session [d22999d0-54f2-11e7-97b4-25c55fe5af39] - page.onError - stack:
  e (https://static.glassdoor.com/static/js/gd-emp-photos-lightbox.js:1)

  phantomjs://platform/console++.js:263 in error
[ERROR - 2017-06-19T13:48:09.504Z] Session [d22999d0-54f2-11e7-97b4-25c55fe5af39] - page.onError - msg: Facebook Pixel Error: Duplicate Pixel ID: 1499075380345177

  phantomjs://platform/console++.js:263 in error
[ERROR - 2017-06-19T13:48:09.504Z] Session [d22999d0-54f2-11e7-97b4-25c55fe5af39] - page.onError - stack:
  kc (https://connect.facebook.net/en_US/fbevents.js:24)

  phantomjs://platform/console++.js:263 in error
[ERROR - 2017-06-19T13:48:36.794Z] Session [d22999d0-54f2-11e7-97b4-25c55fe5af39] - page.onError - msg: Warning: It looks like you're using a minified copy of the development build of React. When deploying React apps to production, make sure to use the production build which skips development warnings and is faster. See https://fb.me/react-minification for more details.

  phantomjs://platform/console++.js:263 in error
[ERROR - 2017-06-19T13:48:36.794Z] Session [d22999d0-54f2-11e7-97b4-25c55fe5af39] - page.onError - stack:
  e (https://static.glassdoor.com/static/js/gd-emp-photos-lightbox.js:1)

  phantomjs://platform/console++.js:263 in error
[ERROR - 2017-06-19T13:48:36.840Z] Session [d22999d0-54f2-11e7-97b4-25c55fe5af39] - page.onError - msg: Warning: It looks like you're using a minified copy of the development build of React. When deploying React apps to production, make sure to use the production build which skips development warnings and is faster. See https://fb.me/react-minification for more details.

  phantomjs://platform/console++.js:263 in error
[ERROR - 2017-06-19T13:48:36.840Z] Session [d22999d0-54f2-11e7-97b4-25c55fe5af39] - page.onError - stack:
  e (https://static.glassdoor.com/static/js/gd-emp-photos-lightbox.js:1)

  phantomjs://platform/console++.js:263 in error
[ERROR - 2017-06-19T13:48:46.742Z] Session [d22999d0-54f2-11e7-97b4-25c55fe5af39] - page.onError - msg: Facebook Pixel Error: Duplicate Pixel ID: 1499075380345177

  phantomjs://platform/console++.js:263 in error
[ERROR - 2017-06-19T13:48:46.742Z] Session [d22999d0-54f2-11e7-97b4-25c55fe5af39] - page.onError - stack:
  kc (https://connect.facebook.net/en_US/fbevents.js:24)

  phantomjs://platform/console++.js:263 in error
[ERROR - 2017-06-19T13:48:47.579Z] Session [d22999d0-54f2-11e7-97b4-25c55fe5af39] - page.onError - msg: Warning: It looks like you're using a minified copy of the development build of React. When deploying React apps to production, make sure to use the production build which skips development warnings and is faster. See https://fb.me/react-minification for more details.

  phantomjs://platform/console++.js:263 in error
[ERROR - 2017-06-19T13:48:47.580Z] Session [d22999d0-54f2-11e7-97b4-25c55fe5af39] - page.onError - stack:
  e (https://static.glassdoor.com/static/js/gd-emp-photos-lightbox.js:1)

  phantomjs://platform/console++.js:263 in error
[ERROR - 2017-06-19T13:48:47.615Z] Session [d22999d0-54f2-11e7-97b4-25c55fe5af39] - page.onError - msg: Warning: It looks like you're using a minified copy of the development build of React. When deploying React apps to production, make sure to use the production build which skips development warnings and is faster. See https://fb.me/react-minification for more details.

  phantomjs://platform/console++.js:263 in error
[ERROR - 2017-06-19T13:48:47.615Z] Session [d22999d0-54f2-11e7-97b4-25c55fe5af39] - page.onError - stack:
  e (https://static.glassdoor.com/static/js/gd-emp-photos-lightbox.js:1)

  phantomjs://platform/console++.js:263 in error
[ERROR - 2017-06-19T13:48:57.220Z] Session [d22999d0-54f2-11e7-97b4-25c55fe5af39] - page.onError - msg: Warning: It looks like you're using a minified copy of the development build of React. When deploying React apps to production, make sure to use the production build which skips development warnings and is faster. See https://fb.me/react-minification for more details.

  phantomjs://platform/console++.js:263 in error
[ERROR - 2017-06-19T13:48:57.220Z] Session [d22999d0-54f2-11e7-97b4-25c55fe5af39] - page.onError - stack:
  e (https://static.glassdoor.com/static/js/gd-emp-photos-lightbox.js:1)

  phantomjs://platform/console++.js:263 in error
[ERROR - 2017-06-19T13:49:16.877Z] Session [d22999d0-54f2-11e7-97b4-25c55fe5af39] - page.onError - msg: Warning: It looks like you're using a minified copy of the development build of React. When deploying React apps to production, make sure to use the production build which skips development warnings and is faster. See https://fb.me/react-minification for more details.

  phantomjs://platform/console++.js:263 in error
[ERROR - 2017-06-19T13:49:16.877Z] Session [d22999d0-54f2-11e7-97b4-25c55fe5af39] - page.onError - stack:
  e (https://static.glassdoor.com/static/js/gd-emp-photos-lightbox.js:1)

  phantomjs://platform/console++.js:263 in error
[ERROR - 2017-06-19T13:49:16.927Z] Session [d22999d0-54f2-11e7-97b4-25c55fe5af39] - page.onError - msg: Warning: It looks like you're using a minified copy of the development build of React. When deploying React apps to production, make sure to use the production build which skips development warnings and is faster. See https://fb.me/react-minification for more details.

  phantomjs://platform/console++.js:263 in error
[ERROR - 2017-06-19T13:49:16.927Z] Session [d22999d0-54f2-11e7-97b4-25c55fe5af39] - page.onError - stack:
  e (https://static.glassdoor.com/static/js/gd-emp-photos-lightbox.js:1)

  phantomjs://platform/console++.js:263 in error
[ERROR - 2017-06-19T13:49:19.679Z] Session [d22999d0-54f2-11e7-97b4-25c55fe5af39] - page.onError - msg: Warning: It looks like you're using a minified copy of the development build of React. When deploying React apps to production, make sure to use the production build which skips development warnings and is faster. See https://fb.me/react-minification for more details.

  phantomjs://platform/console++.js:263 in error
[ERROR - 2017-06-19T13:49:19.679Z] Session [d22999d0-54f2-11e7-97b4-25c55fe5af39] - page.onError - stack:
  e (https://static.glassdoor.com/static/js/gd-emp-photos-lightbox.js:1)

  phantomjs://platform/console++.js:263 in error
[ERROR - 2017-06-19T13:49:19.714Z] Session [d22999d0-54f2-11e7-97b4-25c55fe5af39] - page.onError - msg: Warning: It looks like you're using a minified copy of the development build of React. When deploying React apps to production, make sure to use the production build which skips development warnings and is faster. See https://fb.me/react-minification for more details.

  phantomjs://platform/console++.js:263 in error
[ERROR - 2017-06-19T13:49:19.714Z] Session [d22999d0-54f2-11e7-97b4-25c55fe5af39] - page.onError - stack:
  e (https://static.glassdoor.com/static/js/gd-emp-photos-lightbox.js:1)

  phantomjs://platform/console++.js:263 in error
[ERROR - 2017-06-19T13:49:23.293Z] Session [d22999d0-54f2-11e7-97b4-25c55fe5af39] - page.onError - msg: Warning: It looks like you're using a minified copy of the development build of React. When deploying React apps to production, make sure to use the production build which skips development warnings and is faster. See https://fb.me/react-minification for more details.

  phantomjs://platform/console++.js:263 in error
[ERROR - 2017-06-19T13:49:23.293Z] Session [d22999d0-54f2-11e7-97b4-25c55fe5af39] - page.onError - stack:
  e (https://static.glassdoor.com/static/js/gd-emp-photos-lightbox.js:1)

  phantomjs://platform/console++.js:263 in error
[ERROR - 2017-06-19T13:49:42.337Z] Session [d22999d0-54f2-11e7-97b4-25c55fe5af39] - page.onError - msg: Warning: It looks like you're using a minified copy of the development build of React. When deploying React apps to production, make sure to use the production build which skips development warnings and is faster. See https://fb.me/react-minification for more details.

  phantomjs://platform/console++.js:263 in error
[ERROR - 2017-06-19T13:49:42.337Z] Session [d22999d0-54f2-11e7-97b4-25c55fe5af39] - page.onError - stack:
  e (https://static.glassdoor.com/static/js/gd-emp-photos-lightbox.js:1)

  phantomjs://platform/console++.js:263 in error
[ERROR - 2017-06-19T13:49:42.398Z] Session [d22999d0-54f2-11e7-97b4-25c55fe5af39] - page.onError - msg: Warning: It looks like you're using a minified copy of the development build of React. When deploying React apps to production, make sure to use the production build which skips development warnings and is faster. See https://fb.me/react-minification for more details.

  phantomjs://platform/console++.js:263 in error
[ERROR - 2017-06-19T13:49:42.398Z] Session [d22999d0-54f2-11e7-97b4-25c55fe5af39] - page.onError - stack:
  e (https://static.glassdoor.com/static/js/gd-emp-photos-lightbox.js:1)

  phantomjs://platform/console++.js:263 in error
[ERROR - 2017-06-19T13:50:14.879Z] Session [d22999d0-54f2-11e7-97b4-25c55fe5af39] - page.onError - msg: Warning: It looks like you're using a minified copy of the development build of React. When deploying React apps to production, make sure to use the production build which skips development warnings and is faster. See https://fb.me/react-minification for more details.

  phantomjs://platform/console++.js:263 in error
[ERROR - 2017-06-19T13:50:14.879Z] Session [d22999d0-54f2-11e7-97b4-25c55fe5af39] - page.onError - stack:
  e (https://static.glassdoor.com/static/js/gd-emp-photos-lightbox.js:1)

  phantomjs://platform/console++.js:263 in error
[ERROR - 2017-06-19T13:50:22.133Z] Session [d22999d0-54f2-11e7-97b4-25c55fe5af39] - page.onError - msg: Warning: It looks like you're using a minified copy of the development build of React. When deploying React apps to production, make sure to use the production build which skips development warnings and is faster. See https://fb.me/react-minification for more details.

  phantomjs://platform/console++.js:263 in error
[ERROR - 2017-06-19T13:50:22.133Z] Session [d22999d0-54f2-11e7-97b4-25c55fe5af39] - page.onError - stack:
  e (https://static.glassdoor.com/static/js/gd-emp-photos-lightbox.js:1)

  phantomjs://platform/console++.js:263 in error
[ERROR - 2017-06-19T13:50:22.171Z] Session [d22999d0-54f2-11e7-97b4-25c55fe5af39] - page.onError - msg: Warning: It looks like you're using a minified copy of the development build of React. When deploying React apps to production, make sure to use the production build which skips development warnings and is faster. See https://fb.me/react-minification for more details.

  phantomjs://platform/console++.js:263 in error
[ERROR - 2017-06-19T13:50:22.171Z] Session [d22999d0-54f2-11e7-97b4-25c55fe5af39] - page.onError - stack:
  e (https://static.glassdoor.com/static/js/gd-emp-photos-lightbox.js:1)

  phantomjs://platform/console++.js:263 in error
[ERROR - 2017-06-19T13:50:26.914Z] Session [d22999d0-54f2-11e7-97b4-25c55fe5af39] - page.onError - msg: Warning: It looks like you're using a minified copy of the development build of React. When deploying React apps to production, make sure to use the production build which skips development warnings and is faster. See https://fb.me/react-minification for more details.

  phantomjs://platform/console++.js:263 in error
[ERROR - 2017-06-19T13:50:26.914Z] Session [d22999d0-54f2-11e7-97b4-25c55fe5af39] - page.onError - stack:
  e (https://static.glassdoor.com/static/js/gd-emp-photos-lightbox.js:1)

  phantomjs://platform/console++.js:263 in error
[INFO  - 2017-06-19T13:50:55.667Z] SessionManagerReqHand - _cleanupWindowlessSessions - Asynchronous Sessions clean-up phase starting NOW
[ERROR - 2017-06-19T13:51:14.727Z] Session [d22999d0-54f2-11e7-97b4-25c55fe5af39] - page.onError - msg: Facebook Pixel Error: Duplicate Pixel ID: 1499075380345177

  phantomjs://platform/console++.js:263 in error
[ERROR - 2017-06-19T13:51:14.727Z] Session [d22999d0-54f2-11e7-97b4-25c55fe5af39] - page.onError - stack:
  kc (https://connect.facebook.net/en_US/fbevents.js:24)

  phantomjs://platform/console++.js:263 in error
[ERROR - 2017-06-19T13:51:15.231Z] Session [d22999d0-54f2-11e7-97b4-25c55fe5af39] - page.onError - msg: Warning: It looks like you're using a minified copy of the development build of React. When deploying React apps to production, make sure to use the production build which skips development warnings and is faster. See https://fb.me/react-minification for more details.

  phantomjs://platform/console++.js:263 in error
[ERROR - 2017-06-19T13:51:15.231Z] Session [d22999d0-54f2-11e7-97b4-25c55fe5af39] - page.onError - stack:
  e (https://static.glassdoor.com/static/js/gd-emp-photos-lightbox.js:1)

  phantomjs://platform/console++.js:263 in error
[ERROR - 2017-06-19T13:51:43.932Z] Session [d22999d0-54f2-11e7-97b4-25c55fe5af39] - page.onError - msg: Facebook Pixel Error: Duplicate Pixel ID: 1499075380345177

  phantomjs://platform/console++.js:263 in error
[ERROR - 2017-06-19T13:51:43.932Z] Session [d22999d0-54f2-11e7-97b4-25c55fe5af39] - page.onError - stack:
  kc (https://connect.facebook.net/en_US/fbevents.js:24)

  phantomjs://platform/console++.js:263 in error
[ERROR - 2017-06-19T13:52:15.163Z] Session [d22999d0-54f2-11e7-97b4-25c55fe5af39] - page.onError - msg: Facebook Pixel Error: Duplicate Pixel ID: 1499075380345177

  phantomjs://platform/console++.js:263 in error
[ERROR - 2017-06-19T13:52:15.163Z] Session [d22999d0-54f2-11e7-97b4-25c55fe5af39] - page.onError - stack:
  kc (https://connect.facebook.net/en_US/fbevents.js:24)

  phantomjs://platform/console++.js:263 in error
[ERROR - 2017-06-19T13:53:20.213Z] Session [d22999d0-54f2-11e7-97b4-25c55fe5af39] - page.onError - msg: Warning: It looks like you're using a minified copy of the development build of React. When deploying React apps to production, make sure to use the production build which skips development warnings and is faster. See https://fb.me/react-minification for more details.

  phantomjs://platform/console++.js:263 in error
[ERROR - 2017-06-19T13:53:20.214Z] Session [d22999d0-54f2-11e7-97b4-25c55fe5af39] - page.onError - stack:
  e (https://static.glassdoor.com/static/js/gd-emp-photos-lightbox.js:1)

  phantomjs://platform/console++.js:263 in error
[ERROR - 2017-06-19T13:53:31.374Z] Session [d22999d0-54f2-11e7-97b4-25c55fe5af39] - page.onError - msg: Facebook Pixel Error: Duplicate Pixel ID: 1499075380345177

  phantomjs://platform/console++.js:263 in error
[ERROR - 2017-06-19T13:53:31.374Z] Session [d22999d0-54f2-11e7-97b4-25c55fe5af39] - page.onError - stack:
  kc (https://connect.facebook.net/en_US/fbevents.js:24)

  phantomjs://platform/console++.js:263 in error
[ERROR - 2017-06-19T13:54:11.173Z] Session [d22999d0-54f2-11e7-97b4-25c55fe5af39] - page.onError - msg: Facebook Pixel Error: Duplicate Pixel ID: 1499075380345177

  phantomjs://platform/console++.js:263 in error
[ERROR - 2017-06-19T13:54:11.173Z] Session [d22999d0-54f2-11e7-97b4-25c55fe5af39] - page.onError - stack:
  kc (https://connect.facebook.net/en_US/fbevents.js:24)

  phantomjs://platform/console++.js:263 in error
[ERROR - 2017-06-19T13:54:11.801Z] Session [d22999d0-54f2-11e7-97b4-25c55fe5af39] - page.onError - msg: Warning: It looks like you're using a minified copy of the development build of React. When deploying React apps to production, make sure to use the production build which skips development warnings and is faster. See https://fb.me/react-minification for more details.

  phantomjs://platform/console++.js:263 in error
[ERROR - 2017-06-19T13:54:11.801Z] Session [d22999d0-54f2-11e7-97b4-25c55fe5af39] - page.onError - stack:
  e (https://static.glassdoor.com/static/js/gd-emp-photos-lightbox.js:1)

  phantomjs://platform/console++.js:263 in error
[ERROR - 2017-06-19T13:54:11.829Z] Session [d22999d0-54f2-11e7-97b4-25c55fe5af39] - page.onError - msg: Warning: It looks like you're using a minified copy of the development build of React. When deploying React apps to production, make sure to use the production build which skips development warnings and is faster. See https://fb.me/react-minification for more details.

  phantomjs://platform/console++.js:263 in error
[ERROR - 2017-06-19T13:54:11.829Z] Session [d22999d0-54f2-11e7-97b4-25c55fe5af39] - page.onError - stack:
  e (https://static.glassdoor.com/static/js/gd-emp-photos-lightbox.js:1)

  phantomjs://platform/console++.js:263 in error
[ERROR - 2017-06-19T13:54:32.971Z] Session [d22999d0-54f2-11e7-97b4-25c55fe5af39] - page.onError - msg: Warning: It looks like you're using a minified copy of the development build of React. When deploying React apps to production, make sure to use the production build which skips development warnings and is faster. See https://fb.me/react-minification for more details.

  phantomjs://platform/console++.js:263 in error
[ERROR - 2017-06-19T13:54:32.972Z] Session [d22999d0-54f2-11e7-97b4-25c55fe5af39] - page.onError - stack:
  e (https://static.glassdoor.com/static/js/gd-emp-photos-lightbox.js:1)

  phantomjs://platform/console++.js:263 in error
[ERROR - 2017-06-19T13:54:33.033Z] Session [d22999d0-54f2-11e7-97b4-25c55fe5af39] - page.onError - msg: Warning: It looks like you're using a minified copy of the development build of React. When deploying React apps to production, make sure to use the production build which skips development warnings and is faster. See https://fb.me/react-minification for more details.

  phantomjs://platform/console++.js:263 in error
[ERROR - 2017-06-19T13:54:33.033Z] Session [d22999d0-54f2-11e7-97b4-25c55fe5af39] - page.onError - stack:
  e (https://static.glassdoor.com/static/js/gd-emp-photos-lightbox.js:1)

  phantomjs://platform/console++.js:263 in error
[ERROR - 2017-06-19T13:54:35.992Z] Session [d22999d0-54f2-11e7-97b4-25c55fe5af39] - page.onError - msg: Warning: It looks like you're using a minified copy of the development build of React. When deploying React apps to production, make sure to use the production build which skips development warnings and is faster. See https://fb.me/react-minification for more details.

  phantomjs://platform/console++.js:263 in error
[ERROR - 2017-06-19T13:54:35.992Z] Session [d22999d0-54f2-11e7-97b4-25c55fe5af39] - page.onError - stack:
  e (https://static.glassdoor.com/static/js/gd-emp-photos-lightbox.js:1)

  phantomjs://platform/console++.js:263 in error
[ERROR - 2017-06-19T13:54:36.035Z] Session [d22999d0-54f2-11e7-97b4-25c55fe5af39] - page.onError - msg: Warning: Failed prop type: The prop `empId` is marked as required in `t`, but its value is `undefined`.
    in t

  phantomjs://platform/console++.js:263 in error
[ERROR - 2017-06-19T13:54:36.035Z] Session [d22999d0-54f2-11e7-97b4-25c55fe5af39] - page.onError - stack:
  e (https://static.glassdoor.com/static/js/gd-emp-photos-lightbox.js:1)

  phantomjs://platform/console++.js:263 in error
[ERROR - 2017-06-19T13:54:44.248Z] Session [d22999d0-54f2-11e7-97b4-25c55fe5af39] - page.onError - msg: Warning: It looks like you're using a minified copy of the development build of React. When deploying React apps to production, make sure to use the production build which skips development warnings and is faster. See https://fb.me/react-minification for more details.

  phantomjs://platform/console++.js:263 in error
[ERROR - 2017-06-19T13:54:44.248Z] Session [d22999d0-54f2-11e7-97b4-25c55fe5af39] - page.onError - stack:
  e (https://static.glassdoor.com/static/js/gd-emp-photos-lightbox.js:1)

  phantomjs://platform/console++.js:263 in error
[ERROR - 2017-06-19T13:54:44.317Z] Session [d22999d0-54f2-11e7-97b4-25c55fe5af39] - page.onError - msg: Warning: It looks like you're using a minified copy of the development build of React. When deploying React apps to production, make sure to use the production build which skips development warnings and is faster. See https://fb.me/react-minification for more details.

  phantomjs://platform/console++.js:263 in error
[ERROR - 2017-06-19T13:54:44.317Z] Session [d22999d0-54f2-11e7-97b4-25c55fe5af39] - page.onError - stack:
  e (https://static.glassdoor.com/static/js/gd-emp-photos-lightbox.js:1)

  phantomjs://platform/console++.js:263 in error
[ERROR - 2017-06-19T13:54:51.140Z] Session [d22999d0-54f2-11e7-97b4-25c55fe5af39] - page.onError - msg: Warning: It looks like you're using a minified copy of the development build of React. When deploying React apps to production, make sure to use the production build which skips development warnings and is faster. See https://fb.me/react-minification for more details.

  phantomjs://platform/console++.js:263 in error
[ERROR - 2017-06-19T13:54:51.140Z] Session [d22999d0-54f2-11e7-97b4-25c55fe5af39] - page.onError - stack:
  e (https://static.glassdoor.com/static/js/gd-emp-photos-lightbox.js:1)

  phantomjs://platform/console++.js:263 in error
[ERROR - 2017-06-19T13:54:51.225Z] Session [d22999d0-54f2-11e7-97b4-25c55fe5af39] - page.onError - msg: Warning: It looks like you're using a minified copy of the development build of React. When deploying React apps to production, make sure to use the production build which skips development warnings and is faster. See https://fb.me/react-minification for more details.

  phantomjs://platform/console++.js:263 in error
[ERROR - 2017-06-19T13:54:51.225Z] Session [d22999d0-54f2-11e7-97b4-25c55fe5af39] - page.onError - stack:
  e (https://static.glassdoor.com/static/js/gd-emp-photos-lightbox.js:1)

  phantomjs://platform/console++.js:263 in error
[ERROR - 2017-06-19T13:54:57.529Z] Session [d22999d0-54f2-11e7-97b4-25c55fe5af39] - page.onError - msg: Warning: It looks like you're using a minified copy of the development build of React. When deploying React apps to production, make sure to use the production build which skips development warnings and is faster. See https://fb.me/react-minification for more details.

  phantomjs://platform/console++.js:263 in error
[ERROR - 2017-06-19T13:54:57.529Z] Session [d22999d0-54f2-11e7-97b4-25c55fe5af39] - page.onError - stack:
  e (https://static.glassdoor.com/static/js/gd-emp-photos-lightbox.js:1)

  phantomjs://platform/console++.js:263 in error
[ERROR - 2017-06-19T13:55:14.020Z] Session [d22999d0-54f2-11e7-97b4-25c55fe5af39] - page.onError - msg: Warning: It looks like you're using a minified copy of the development build of React. When deploying React apps to production, make sure to use the production build which skips development warnings and is faster. See https://fb.me/react-minification for more details.

  phantomjs://platform/console++.js:263 in error
[ERROR - 2017-06-19T13:55:14.020Z] Session [d22999d0-54f2-11e7-97b4-25c55fe5af39] - page.onError - stack:
  e (https://static.glassdoor.com/static/js/gd-emp-photos-lightbox.js:1)

  phantomjs://platform/console++.js:263 in error
[ERROR - 2017-06-19T13:55:14.087Z] Session [d22999d0-54f2-11e7-97b4-25c55fe5af39] - page.onError - msg: Warning: It looks like you're using a minified copy of the development build of React. When deploying React apps to production, make sure to use the production build which skips development warnings and is faster. See https://fb.me/react-minification for more details.

  phantomjs://platform/console++.js:263 in error
[ERROR - 2017-06-19T13:55:14.088Z] Session [d22999d0-54f2-11e7-97b4-25c55fe5af39] - page.onError - stack:
  e (https://static.glassdoor.com/static/js/gd-emp-photos-lightbox.js:1)

  phantomjs://platform/console++.js:263 in error
[ERROR - 2017-06-19T13:55:29.620Z] Session [d22999d0-54f2-11e7-97b4-25c55fe5af39] - page.onError - msg: Warning: It looks like you're using a minified copy of the development build of React. When deploying React apps to production, make sure to use the production build which skips development warnings and is faster. See https://fb.me/react-minification for more details.

  phantomjs://platform/console++.js:263 in error
[ERROR - 2017-06-19T13:55:29.620Z] Session [d22999d0-54f2-11e7-97b4-25c55fe5af39] - page.onError - stack:
  e (https://static.glassdoor.com/static/js/gd-emp-photos-lightbox.js:1)

  phantomjs://platform/console++.js:263 in error
[ERROR - 2017-06-19T13:55:29.671Z] Session [d22999d0-54f2-11e7-97b4-25c55fe5af39] - page.onError - msg: Warning: It looks like you're using a minified copy of the development build of React. When deploying React apps to production, make sure to use the production build which skips development warnings and is faster. See https://fb.me/react-minification for more details.

  phantomjs://platform/console++.js:263 in error
[ERROR - 2017-06-19T13:55:29.671Z] Session [d22999d0-54f2-11e7-97b4-25c55fe5af39] - page.onError - stack:
  e (https://static.glassdoor.com/static/js/gd-emp-photos-lightbox.js:1)

  phantomjs://platform/console++.js:263 in error
[ERROR - 2017-06-19T13:55:39.038Z] Session [d22999d0-54f2-11e7-97b4-25c55fe5af39] - page.onError - msg: Warning: It looks like you're using a minified copy of the development build of React. When deploying React apps to production, make sure to use the production build which skips development warnings and is faster. See https://fb.me/react-minification for more details.

  phantomjs://platform/console++.js:263 in error
[ERROR - 2017-06-19T13:55:39.038Z] Session [d22999d0-54f2-11e7-97b4-25c55fe5af39] - page.onError - stack:
  e (https://static.glassdoor.com/static/js/gd-emp-photos-lightbox.js:1)

  phantomjs://platform/console++.js:263 in error
[ERROR - 2017-06-19T13:55:39.069Z] Session [d22999d0-54f2-11e7-97b4-25c55fe5af39] - page.onError - msg: Warning: It looks like you're using a minified copy of the development build of React. When deploying React apps to production, make sure to use the production build which skips development warnings and is faster. See https://fb.me/react-minification for more details.

  phantomjs://platform/console++.js:263 in error
[ERROR - 2017-06-19T13:55:39.069Z] Session [d22999d0-54f2-11e7-97b4-25c55fe5af39] - page.onError - stack:
  e (https://static.glassdoor.com/static/js/gd-emp-photos-lightbox.js:1)

  phantomjs://platform/console++.js:263 in error
[INFO  - 2017-06-19T13:55:55.658Z] SessionManagerReqHand - _cleanupWindowlessSessions - Asynchronous Sessions clean-up phase starting NOW
[ERROR - 2017-06-19T13:56:07.726Z] Session [d22999d0-54f2-11e7-97b4-25c55fe5af39] - page.onError - msg: Warning: It looks like you're using a minified copy of the development build of React. When deploying React apps to production, make sure to use the production build which skips development warnings and is faster. See https://fb.me/react-minification for more details.

  phantomjs://platform/console++.js:263 in error
[ERROR - 2017-06-19T13:56:07.726Z] Session [d22999d0-54f2-11e7-97b4-25c55fe5af39] - page.onError - stack:
  e (https://static.glassdoor.com/static/js/gd-emp-photos-lightbox.js:1)

  phantomjs://platform/console++.js:263 in error
[ERROR - 2017-06-19T13:56:44.050Z] Session [d22999d0-54f2-11e7-97b4-25c55fe5af39] - page.onError - msg: Facebook Pixel Error: Duplicate Pixel ID: 1499075380345177

  phantomjs://platform/console++.js:263 in error
[ERROR - 2017-06-19T13:56:44.050Z] Session [d22999d0-54f2-11e7-97b4-25c55fe5af39] - page.onError - stack:
  kc (https://connect.facebook.net/en_US/fbevents.js:24)

  phantomjs://platform/console++.js:263 in error
[ERROR - 2017-06-19T13:56:49.046Z] Session [d22999d0-54f2-11e7-97b4-25c55fe5af39] - page.onError - msg: Warning: It looks like you're using a minified copy of the development build of React. When deploying React apps to production, make sure to use the production build which skips development warnings and is faster. See https://fb.me/react-minification for more details.

  phantomjs://platform/console++.js:263 in error
[ERROR - 2017-06-19T13:56:49.046Z] Session [d22999d0-54f2-11e7-97b4-25c55fe5af39] - page.onError - stack:
  e (https://static.glassdoor.com/static/js/gd-emp-photos-lightbox.js:1)

  phantomjs://platform/console++.js:263 in error
[ERROR - 2017-06-19T13:57:07.893Z] Session [d22999d0-54f2-11e7-97b4-25c55fe5af39] - page.onError - msg: Facebook Pixel Error: Duplicate Pixel ID: 1499075380345177

  phantomjs://platform/console++.js:263 in error
[ERROR - 2017-06-19T13:57:07.893Z] Session [d22999d0-54f2-11e7-97b4-25c55fe5af39] - page.onError - stack:
  kc (https://connect.facebook.net/en_US/fbevents.js:24)

  phantomjs://platform/console++.js:263 in error
[ERROR - 2017-06-19T13:57:08.419Z] Session [d22999d0-54f2-11e7-97b4-25c55fe5af39] - page.onError - msg: Warning: It looks like you're using a minified copy of the development build of React. When deploying React apps to production, make sure to use the production build which skips development warnings and is faster. See https://fb.me/react-minification for more details.

  phantomjs://platform/console++.js:263 in error
[ERROR - 2017-06-19T13:57:08.419Z] Session [d22999d0-54f2-11e7-97b4-25c55fe5af39] - page.onError - stack:
  e (https://static.glassdoor.com/static/js/gd-emp-photos-lightbox.js:1)

  phantomjs://platform/console++.js:263 in error
[ERROR - 2017-06-19T13:57:08.458Z] Session [d22999d0-54f2-11e7-97b4-25c55fe5af39] - page.onError - msg: Warning: It looks like you're using a minified copy of the development build of React. When deploying React apps to production, make sure to use the production build which skips development warnings and is faster. See https://fb.me/react-minification for more details.

  phantomjs://platform/console++.js:263 in error
[ERROR - 2017-06-19T13:57:08.458Z] Session [d22999d0-54f2-11e7-97b4-25c55fe5af39] - page.onError - stack:
  e (https://static.glassdoor.com/static/js/gd-emp-photos-lightbox.js:1)

  phantomjs://platform/console++.js:263 in error
[ERROR - 2017-06-19T13:58:24.938Z] Session [d22999d0-54f2-11e7-97b4-25c55fe5af39] - page.onError - msg: Facebook Pixel Error: Duplicate Pixel ID: 1499075380345177

  phantomjs://platform/console++.js:263 in error
[ERROR - 2017-06-19T13:58:24.939Z] Session [d22999d0-54f2-11e7-97b4-25c55fe5af39] - page.onError - stack:
  kc (https://connect.facebook.net/en_US/fbevents.js:24)

  phantomjs://platform/console++.js:263 in error
